{"/Users/santiagomariaamorin/Documents/MiEcommerce8/MiEcomerce8/server.js": {"path":"/Users/santiagomariaamorin/Documents/MiEcommerce8/MiEcomerce8/server.js","statementMap":{"0":{"start":{"line":1,"column":16},"end":{"line":1,"column":34}},"1":{"start":{"line":2,"column":0},"end":{"line":2,"column":27}},"2":{"start":{"line":3,"column":23},"end":{"line":3,"column":66}},"3":{"start":{"line":4,"column":18},"end":{"line":4,"column":47}},"4":{"start":{"line":5,"column":13},"end":{"line":5,"column":30}},"5":{"start":{"line":6,"column":24},"end":{"line":6,"column":51}},"6":{"start":{"line":7,"column":13},"end":{"line":7,"column":28}},"7":{"start":{"line":9,"column":22},"end":{"line":9,"column":60}},"8":{"start":{"line":13,"column":19},"end":{"line":13,"column":53}},"9":{"start":{"line":14,"column":23},"end":{"line":14,"column":60}},"10":{"start":{"line":15,"column":19},"end":{"line":15,"column":53}},"11":{"start":{"line":16,"column":22},"end":{"line":16,"column":59}},"12":{"start":{"line":19,"column":13},"end":{"line":19,"column":17}},"13":{"start":{"line":21,"column":12},"end":{"line":21,"column":21}},"14":{"start":{"line":24,"column":0},"end":{"line":24,"column":24}},"15":{"start":{"line":25,"column":0},"end":{"line":25,"column":15}},"16":{"start":{"line":27,"column":0},"end":{"line":27,"column":75}},"17":{"start":{"line":28,"column":0},"end":{"line":28,"column":96}},"18":{"start":{"line":28,"column":33},"end":{"line":28,"column":94}},"19":{"start":{"line":29,"column":0},"end":{"line":29,"column":36}},"20":{"start":{"line":30,"column":0},"end":{"line":30,"column":43}},"21":{"start":{"line":31,"column":0},"end":{"line":31,"column":36}},"22":{"start":{"line":32,"column":0},"end":{"line":32,"column":42}},"23":{"start":{"line":34,"column":0},"end":{"line":34,"column":55}},"24":{"start":{"line":36,"column":0},"end":{"line":39,"column":4}},"25":{"start":{"line":36,"column":25},"end":{"line":39,"column":2}},"26":{"start":{"line":41,"column":0},"end":{"line":44,"column":4}},"27":{"start":{"line":41,"column":26},"end":{"line":44,"column":2}},"28":{"start":{"line":46,"column":0},"end":{"line":49,"column":4}},"29":{"start":{"line":46,"column":25},"end":{"line":49,"column":2}},"30":{"start":{"line":51,"column":0},"end":{"line":54,"column":4}},"31":{"start":{"line":51,"column":28},"end":{"line":54,"column":2}},"32":{"start":{"line":58,"column":15},"end":{"line":65,"column":6}},"33":{"start":{"line":59,"column":4},"end":{"line":64,"column":9}},"34":{"start":{"line":60,"column":8},"end":{"line":60,"column":39}},"35":{"start":{"line":61,"column":8},"end":{"line":61,"column":86}},"36":{"start":{"line":63,"column":8},"end":{"line":63,"column":67}},"37":{"start":{"line":66,"column":0},"end":{"line":66,"column":33}}},"fnMap":{"0":{"name":"(anonymous_0)","decl":{"start":{"line":28,"column":19},"end":{"line":28,"column":20}},"loc":{"start":{"line":28,"column":32},"end":{"line":28,"column":95}},"line":28},"1":{"name":"(anonymous_1)","decl":{"start":{"line":36,"column":12},"end":{"line":36,"column":13}},"loc":{"start":{"line":36,"column":25},"end":{"line":39,"column":2}},"line":36},"2":{"name":"(anonymous_2)","decl":{"start":{"line":41,"column":13},"end":{"line":41,"column":14}},"loc":{"start":{"line":41,"column":26},"end":{"line":44,"column":2}},"line":41},"3":{"name":"(anonymous_3)","decl":{"start":{"line":46,"column":12},"end":{"line":46,"column":13}},"loc":{"start":{"line":46,"column":25},"end":{"line":49,"column":2}},"line":46},"4":{"name":"(anonymous_4)","decl":{"start":{"line":51,"column":15},"end":{"line":51,"column":16}},"loc":{"start":{"line":51,"column":28},"end":{"line":54,"column":2}},"line":51},"5":{"name":"(anonymous_5)","decl":{"start":{"line":58,"column":31},"end":{"line":58,"column":32}},"loc":{"start":{"line":58,"column":42},"end":{"line":65,"column":5}},"line":58}},"branchMap":{},"s":{"0":1,"1":1,"2":1,"3":1,"4":1,"5":1,"6":1,"7":1,"8":1,"9":1,"10":1,"11":1,"12":1,"13":1,"14":1,"15":1,"16":1,"17":1,"18":0,"19":1,"20":1,"21":1,"22":1,"23":1,"24":1,"25":0,"26":1,"27":0,"28":1,"29":0,"30":1,"31":0,"32":1,"33":1,"34":1,"35":1,"36":0,"37":1},"f":{"0":0,"1":0,"2":0,"3":0,"4":0,"5":1},"b":{},"_coverageSchema":"1a1c01bbd47fc00a2c39e90264f33305004495a9","hash":"1976bbccd032db68406931b83b5ac42b9ec5ca7a"}
,"/Users/santiagomariaamorin/Documents/MiEcommerce8/MiEcomerce8/api/controllers/cartController.js": {"path":"/Users/santiagomariaamorin/Documents/MiEcommerce8/MiEcomerce8/api/controllers/cartController.js","statementMap":{"0":{"start":{"line":2,"column":11},"end":{"line":2,"column":46}},"1":{"start":{"line":3,"column":22},"end":{"line":3,"column":51}},"2":{"start":{"line":4,"column":18},"end":{"line":4,"column":38}},"3":{"start":{"line":5,"column":10},"end":{"line":5,"column":25}},"4":{"start":{"line":6,"column":11},"end":{"line":6,"column":26}},"5":{"start":{"line":8,"column":18},"end":{"line":11,"column":1}},"6":{"start":{"line":9,"column":17},"end":{"line":9,"column":51}},"7":{"start":{"line":10,"column":4},"end":{"line":10,"column":16}},"8":{"start":{"line":13,"column":18},"end":{"line":16,"column":1}},"9":{"start":{"line":14,"column":17},"end":{"line":14,"column":51}},"10":{"start":{"line":15,"column":4},"end":{"line":15,"column":16}},"11":{"start":{"line":18,"column":16},"end":{"line":35,"column":1}},"12":{"start":{"line":19,"column":18},"end":{"line":23,"column":6}},"13":{"start":{"line":24,"column":18},"end":{"line":24,"column":20}},"14":{"start":{"line":25,"column":4},"end":{"line":33,"column":5}},"15":{"start":{"line":26,"column":19},"end":{"line":26,"column":31}},"16":{"start":{"line":27,"column":19},"end":{"line":27,"column":61}},"17":{"start":{"line":28,"column":8},"end":{"line":32,"column":10}},"18":{"start":{"line":34,"column":4},"end":{"line":34,"column":19}},"19":{"start":{"line":37,"column":17},"end":{"line":64,"column":1}},"20":{"start":{"line":38,"column":15},"end":{"line":38,"column":36}},"21":{"start":{"line":39,"column":4},"end":{"line":63,"column":5}},"22":{"start":{"line":40,"column":19},"end":{"line":40,"column":38}},"23":{"start":{"line":41,"column":8},"end":{"line":56,"column":9}},"24":{"start":{"line":42,"column":26},"end":{"line":42,"column":43}},"25":{"start":{"line":43,"column":12},"end":{"line":50,"column":13}},"26":{"start":{"line":44,"column":16},"end":{"line":44,"column":44}},"27":{"start":{"line":46,"column":16},"end":{"line":49,"column":19}},"28":{"start":{"line":52,"column":12},"end":{"line":55,"column":15}},"29":{"start":{"line":58,"column":8},"end":{"line":58,"column":27}},"30":{"start":{"line":59,"column":8},"end":{"line":62,"column":11}},"31":{"start":{"line":67,"column":20},"end":{"line":82,"column":1}},"32":{"start":{"line":68,"column":4},"end":{"line":70,"column":5}},"33":{"start":{"line":69,"column":8},"end":{"line":69,"column":17}},"34":{"start":{"line":71,"column":15},"end":{"line":71,"column":44}},"35":{"start":{"line":72,"column":4},"end":{"line":80,"column":5}},"36":{"start":{"line":73,"column":8},"end":{"line":73,"column":17}},"37":{"start":{"line":74,"column":11},"end":{"line":80,"column":5}},"38":{"start":{"line":75,"column":8},"end":{"line":75,"column":85}},"39":{"start":{"line":76,"column":8},"end":{"line":76,"column":26}},"40":{"start":{"line":78,"column":8},"end":{"line":78,"column":78}},"41":{"start":{"line":79,"column":8},"end":{"line":79,"column":19}},"42":{"start":{"line":84,"column":19},"end":{"line":159,"column":1}},"43":{"start":{"line":85,"column":15},"end":{"line":85,"column":36}},"44":{"start":{"line":86,"column":4},"end":{"line":158,"column":5}},"45":{"start":{"line":87,"column":19},"end":{"line":87,"column":38}},"46":{"start":{"line":88,"column":8},"end":{"line":151,"column":9}},"47":{"start":{"line":89,"column":26},"end":{"line":93,"column":14}},"48":{"start":{"line":94,"column":24},"end":{"line":94,"column":26}},"49":{"start":{"line":95,"column":28},"end":{"line":95,"column":36}},"50":{"start":{"line":96,"column":23},"end":{"line":96,"column":24}},"51":{"start":{"line":97,"column":24},"end":{"line":97,"column":25}},"52":{"start":{"line":98,"column":26},"end":{"line":98,"column":46}},"53":{"start":{"line":99,"column":12},"end":{"line":131,"column":13}},"54":{"start":{"line":101,"column":16},"end":{"line":101,"column":90}},"55":{"start":{"line":101,"column":47},"end":{"line":101,"column":88}},"56":{"start":{"line":102,"column":16},"end":{"line":130,"column":17}},"57":{"start":{"line":103,"column":20},"end":{"line":103,"column":112}},"58":{"start":{"line":104,"column":20},"end":{"line":110,"column":21}},"59":{"start":{"line":105,"column":24},"end":{"line":109,"column":27}},"60":{"start":{"line":113,"column":31},"end":{"line":113,"column":69}},"61":{"start":{"line":114,"column":20},"end":{"line":129,"column":21}},"62":{"start":{"line":116,"column":24},"end":{"line":116,"column":97}},"63":{"start":{"line":118,"column":24},"end":{"line":123,"column":27}},"64":{"start":{"line":125,"column":24},"end":{"line":128,"column":27}},"65":{"start":{"line":133,"column":12},"end":{"line":143,"column":13}},"66":{"start":{"line":134,"column":16},"end":{"line":134,"column":89}},"67":{"start":{"line":134,"column":49},"end":{"line":134,"column":87}},"68":{"start":{"line":135,"column":16},"end":{"line":142,"column":17}},"69":{"start":{"line":136,"column":20},"end":{"line":136,"column":91}},"70":{"start":{"line":137,"column":20},"end":{"line":141,"column":23}},"71":{"start":{"line":144,"column":28},"end":{"line":144,"column":45}},"72":{"start":{"line":145,"column":12},"end":{"line":145,"column":42}},"73":{"start":{"line":147,"column":12},"end":{"line":150,"column":15}},"74":{"start":{"line":153,"column":8},"end":{"line":153,"column":27}},"75":{"start":{"line":154,"column":8},"end":{"line":157,"column":11}},"76":{"start":{"line":161,"column":19},"end":{"line":182,"column":1}},"77":{"start":{"line":162,"column":4},"end":{"line":181,"column":5}},"78":{"start":{"line":163,"column":22},"end":{"line":167,"column":10}},"79":{"start":{"line":168,"column":8},"end":{"line":175,"column":9}},"80":{"start":{"line":169,"column":12},"end":{"line":169,"column":83}},"81":{"start":{"line":170,"column":12},"end":{"line":174,"column":15}},"82":{"start":{"line":176,"column":8},"end":{"line":176,"column":20}},"83":{"start":{"line":179,"column":8},"end":{"line":179,"column":27}},"84":{"start":{"line":180,"column":8},"end":{"line":180,"column":21}},"85":{"start":{"line":184,"column":0},"end":{"line":184,"column":52}}},"fnMap":{"0":{"name":"(anonymous_0)","decl":{"start":{"line":8,"column":18},"end":{"line":8,"column":19}},"loc":{"start":{"line":8,"column":37},"end":{"line":11,"column":1}},"line":8},"1":{"name":"(anonymous_1)","decl":{"start":{"line":13,"column":18},"end":{"line":13,"column":19}},"loc":{"start":{"line":13,"column":37},"end":{"line":16,"column":1}},"line":13},"2":{"name":"(anonymous_2)","decl":{"start":{"line":18,"column":16},"end":{"line":18,"column":17}},"loc":{"start":{"line":18,"column":35},"end":{"line":35,"column":1}},"line":18},"3":{"name":"(anonymous_3)","decl":{"start":{"line":37,"column":17},"end":{"line":37,"column":18}},"loc":{"start":{"line":37,"column":37},"end":{"line":64,"column":1}},"line":37},"4":{"name":"(anonymous_4)","decl":{"start":{"line":67,"column":20},"end":{"line":67,"column":21}},"loc":{"start":{"line":67,"column":39},"end":{"line":82,"column":1}},"line":67},"5":{"name":"(anonymous_5)","decl":{"start":{"line":84,"column":19},"end":{"line":84,"column":20}},"loc":{"start":{"line":84,"column":39},"end":{"line":159,"column":1}},"line":84},"6":{"name":"(anonymous_6)","decl":{"start":{"line":101,"column":37},"end":{"line":101,"column":38}},"loc":{"start":{"line":101,"column":47},"end":{"line":101,"column":88}},"line":101},"7":{"name":"(anonymous_7)","decl":{"start":{"line":134,"column":39},"end":{"line":134,"column":40}},"loc":{"start":{"line":134,"column":49},"end":{"line":134,"column":87}},"line":134},"8":{"name":"(anonymous_8)","decl":{"start":{"line":161,"column":19},"end":{"line":161,"column":20}},"loc":{"start":{"line":161,"column":38},"end":{"line":182,"column":1}},"line":161}},"branchMap":{"0":{"loc":{"start":{"line":41,"column":8},"end":{"line":56,"column":9}},"type":"if","locations":[{"start":{"line":41,"column":8},"end":{"line":56,"column":9}},{"start":{"line":51,"column":13},"end":{"line":56,"column":9}}],"line":41},"1":{"loc":{"start":{"line":43,"column":12},"end":{"line":50,"column":13}},"type":"if","locations":[{"start":{"line":43,"column":12},"end":{"line":50,"column":13}},{"start":{"line":45,"column":17},"end":{"line":50,"column":13}}],"line":43},"2":{"loc":{"start":{"line":68,"column":4},"end":{"line":70,"column":5}},"type":"if","locations":[{"start":{"line":68,"column":4},"end":{"line":70,"column":5}},{"start":{},"end":{}}],"line":68},"3":{"loc":{"start":{"line":72,"column":4},"end":{"line":80,"column":5}},"type":"if","locations":[{"start":{"line":72,"column":4},"end":{"line":80,"column":5}},{"start":{"line":74,"column":11},"end":{"line":80,"column":5}}],"line":72},"4":{"loc":{"start":{"line":74,"column":11},"end":{"line":80,"column":5}},"type":"if","locations":[{"start":{"line":74,"column":11},"end":{"line":80,"column":5}},{"start":{"line":77,"column":11},"end":{"line":80,"column":5}}],"line":74},"5":{"loc":{"start":{"line":88,"column":8},"end":{"line":151,"column":9}},"type":"if","locations":[{"start":{"line":88,"column":8},"end":{"line":151,"column":9}},{"start":{"line":146,"column":13},"end":{"line":151,"column":9}}],"line":88},"6":{"loc":{"start":{"line":102,"column":16},"end":{"line":130,"column":17}},"type":"if","locations":[{"start":{"line":102,"column":16},"end":{"line":130,"column":17}},{"start":{"line":111,"column":23},"end":{"line":130,"column":17}}],"line":102},"7":{"loc":{"start":{"line":104,"column":20},"end":{"line":110,"column":21}},"type":"if","locations":[{"start":{"line":104,"column":20},"end":{"line":110,"column":21}},{"start":{},"end":{}}],"line":104},"8":{"loc":{"start":{"line":114,"column":20},"end":{"line":129,"column":21}},"type":"if","locations":[{"start":{"line":114,"column":20},"end":{"line":129,"column":21}},{"start":{"line":124,"column":27},"end":{"line":129,"column":21}}],"line":114},"9":{"loc":{"start":{"line":135,"column":16},"end":{"line":142,"column":17}},"type":"if","locations":[{"start":{"line":135,"column":16},"end":{"line":142,"column":17}},{"start":{},"end":{}}],"line":135}},"s":{"0":1,"1":1,"2":1,"3":1,"4":1,"5":1,"6":0,"7":0,"8":1,"9":0,"10":0,"11":1,"12":0,"13":0,"14":0,"15":0,"16":0,"17":0,"18":0,"19":1,"20":0,"21":0,"22":0,"23":0,"24":0,"25":0,"26":0,"27":0,"28":0,"29":0,"30":0,"31":1,"32":0,"33":0,"34":0,"35":0,"36":0,"37":0,"38":0,"39":0,"40":0,"41":0,"42":1,"43":0,"44":0,"45":0,"46":0,"47":0,"48":0,"49":0,"50":0,"51":0,"52":0,"53":0,"54":0,"55":0,"56":0,"57":0,"58":0,"59":0,"60":0,"61":0,"62":0,"63":0,"64":0,"65":0,"66":0,"67":0,"68":0,"69":0,"70":0,"71":0,"72":0,"73":0,"74":0,"75":0,"76":1,"77":0,"78":0,"79":0,"80":0,"81":0,"82":0,"83":0,"84":0,"85":1},"f":{"0":0,"1":0,"2":0,"3":0,"4":0,"5":0,"6":0,"7":0,"8":0},"b":{"0":[0,0],"1":[0,0],"2":[0,0],"3":[0,0],"4":[0,0],"5":[0,0],"6":[0,0],"7":[0,0],"8":[0,0],"9":[0,0]},"_coverageSchema":"1a1c01bbd47fc00a2c39e90264f33305004495a9","hash":"381ccdb0b0caa2f86df62aedac1262b81871eefa"}
,"/Users/santiagomariaamorin/Documents/MiEcommerce8/MiEcomerce8/api/controllers/picturesControllers.js": {"path":"/Users/santiagomariaamorin/Documents/MiEcommerce8/MiEcomerce8/api/controllers/picturesControllers.js","statementMap":{"0":{"start":{"line":2,"column":11},"end":{"line":2,"column":46}},"1":{"start":{"line":4,"column":28},"end":{"line":170,"column":1}},"2":{"start":{"line":7,"column":8},"end":{"line":37,"column":13}},"3":{"start":{"line":8,"column":30},"end":{"line":8,"column":52}},"4":{"start":{"line":9,"column":12},"end":{"line":9,"column":111}},"5":{"start":{"line":9,"column":34},"end":{"line":9,"column":111}},"6":{"start":{"line":11,"column":37},"end":{"line":15,"column":18}},"7":{"start":{"line":16,"column":16},"end":{"line":27,"column":17}},"8":{"start":{"line":17,"column":20},"end":{"line":21,"column":23}},"9":{"start":{"line":23,"column":20},"end":{"line":26,"column":23}},"10":{"start":{"line":31,"column":12},"end":{"line":31,"column":30}},"11":{"start":{"line":32,"column":12},"end":{"line":35,"column":19}},"12":{"start":{"line":41,"column":8},"end":{"line":68,"column":9}},"13":{"start":{"line":42,"column":30},"end":{"line":42,"column":43}},"14":{"start":{"line":43,"column":12},"end":{"line":43,"column":99}},"15":{"start":{"line":43,"column":34},"end":{"line":43,"column":99}},"16":{"start":{"line":45,"column":28},"end":{"line":49,"column":14}},"17":{"start":{"line":50,"column":12},"end":{"line":61,"column":13}},"18":{"start":{"line":51,"column":16},"end":{"line":55,"column":19}},"19":{"start":{"line":57,"column":16},"end":{"line":60,"column":19}},"20":{"start":{"line":63,"column":12},"end":{"line":66,"column":15}},"21":{"start":{"line":67,"column":12},"end":{"line":67,"column":30}},"22":{"start":{"line":71,"column":8},"end":{"line":92,"column":9}},"23":{"start":{"line":73,"column":53},"end":{"line":73,"column":61}},"24":{"start":{"line":75,"column":31},"end":{"line":75,"column":50}},"25":{"start":{"line":76,"column":12},"end":{"line":76,"column":66}},"26":{"start":{"line":76,"column":29},"end":{"line":76,"column":66}},"27":{"start":{"line":78,"column":12},"end":{"line":78,"column":48}},"28":{"start":{"line":80,"column":12},"end":{"line":84,"column":15}},"29":{"start":{"line":87,"column":12},"end":{"line":87,"column":30}},"30":{"start":{"line":88,"column":12},"end":{"line":91,"column":15}},"31":{"start":{"line":96,"column":32},"end":{"line":96,"column":40}},"32":{"start":{"line":97,"column":26},"end":{"line":97,"column":39}},"33":{"start":{"line":98,"column":8},"end":{"line":103,"column":9}},"34":{"start":{"line":99,"column":12},"end":{"line":102,"column":15}},"35":{"start":{"line":105,"column":8},"end":{"line":137,"column":9}},"36":{"start":{"line":107,"column":35},"end":{"line":107,"column":79}},"37":{"start":{"line":108,"column":12},"end":{"line":113,"column":13}},"38":{"start":{"line":109,"column":16},"end":{"line":112,"column":19}},"39":{"start":{"line":114,"column":12},"end":{"line":122,"column":13}},"40":{"start":{"line":115,"column":37},"end":{"line":115,"column":83}},"41":{"start":{"line":116,"column":16},"end":{"line":121,"column":17}},"42":{"start":{"line":117,"column":20},"end":{"line":120,"column":23}},"43":{"start":{"line":123,"column":12},"end":{"line":125,"column":38}},"44":{"start":{"line":126,"column":35},"end":{"line":126,"column":79}},"45":{"start":{"line":127,"column":12},"end":{"line":131,"column":15}},"46":{"start":{"line":135,"column":12},"end":{"line":135,"column":30}},"47":{"start":{"line":136,"column":12},"end":{"line":136,"column":58}},"48":{"start":{"line":140,"column":26},"end":{"line":140,"column":39}},"49":{"start":{"line":141,"column":8},"end":{"line":146,"column":9}},"50":{"start":{"line":142,"column":12},"end":{"line":145,"column":15}},"51":{"start":{"line":147,"column":8},"end":{"line":167,"column":9}},"52":{"start":{"line":149,"column":35},"end":{"line":149,"column":79}},"53":{"start":{"line":150,"column":12},"end":{"line":155,"column":13}},"54":{"start":{"line":151,"column":16},"end":{"line":154,"column":19}},"55":{"start":{"line":156,"column":12},"end":{"line":160,"column":13}},"56":{"start":{"line":157,"column":16},"end":{"line":159,"column":18}},"57":{"start":{"line":161,"column":34},"end":{"line":161,"column":60}},"58":{"start":{"line":162,"column":12},"end":{"line":162,"column":141}},"59":{"start":{"line":165,"column":12},"end":{"line":165,"column":31}},"60":{"start":{"line":166,"column":12},"end":{"line":166,"column":68}},"61":{"start":{"line":171,"column":0},"end":{"line":171,"column":37}}},"fnMap":{"0":{"name":"(anonymous_0)","decl":{"start":{"line":6,"column":26},"end":{"line":6,"column":27}},"loc":{"start":{"line":6,"column":46},"end":{"line":38,"column":9}},"line":6},"1":{"name":"(anonymous_1)","decl":{"start":{"line":39,"column":19},"end":{"line":39,"column":20}},"loc":{"start":{"line":39,"column":39},"end":{"line":69,"column":5}},"line":39},"2":{"name":"(anonymous_2)","decl":{"start":{"line":70,"column":12},"end":{"line":70,"column":13}},"loc":{"start":{"line":70,"column":32},"end":{"line":93,"column":5}},"line":70},"3":{"name":"(anonymous_3)","decl":{"start":{"line":94,"column":10},"end":{"line":94,"column":11}},"loc":{"start":{"line":94,"column":30},"end":{"line":138,"column":5}},"line":94},"4":{"name":"(anonymous_4)","decl":{"start":{"line":139,"column":11},"end":{"line":139,"column":12}},"loc":{"start":{"line":139,"column":31},"end":{"line":168,"column":5}},"line":139}},"branchMap":{"0":{"loc":{"start":{"line":9,"column":12},"end":{"line":9,"column":111}},"type":"if","locations":[{"start":{"line":9,"column":12},"end":{"line":9,"column":111}},{"start":{},"end":{}}],"line":9},"1":{"loc":{"start":{"line":16,"column":16},"end":{"line":27,"column":17}},"type":"if","locations":[{"start":{"line":16,"column":16},"end":{"line":27,"column":17}},{"start":{"line":22,"column":21},"end":{"line":27,"column":17}}],"line":16},"2":{"loc":{"start":{"line":43,"column":12},"end":{"line":43,"column":99}},"type":"if","locations":[{"start":{"line":43,"column":12},"end":{"line":43,"column":99}},{"start":{},"end":{}}],"line":43},"3":{"loc":{"start":{"line":50,"column":12},"end":{"line":61,"column":13}},"type":"if","locations":[{"start":{"line":50,"column":12},"end":{"line":61,"column":13}},{"start":{"line":56,"column":19},"end":{"line":61,"column":13}}],"line":50},"4":{"loc":{"start":{"line":76,"column":12},"end":{"line":76,"column":66}},"type":"if","locations":[{"start":{"line":76,"column":12},"end":{"line":76,"column":66}},{"start":{},"end":{}}],"line":76},"5":{"loc":{"start":{"line":98,"column":8},"end":{"line":103,"column":9}},"type":"if","locations":[{"start":{"line":98,"column":8},"end":{"line":103,"column":9}},{"start":{},"end":{}}],"line":98},"6":{"loc":{"start":{"line":98,"column":12},"end":{"line":98,"column":42}},"type":"binary-expr","locations":[{"start":{"line":98,"column":12},"end":{"line":98,"column":22}},{"start":{"line":98,"column":26},"end":{"line":98,"column":42}}],"line":98},"7":{"loc":{"start":{"line":108,"column":12},"end":{"line":113,"column":13}},"type":"if","locations":[{"start":{"line":108,"column":12},"end":{"line":113,"column":13}},{"start":{},"end":{}}],"line":108},"8":{"loc":{"start":{"line":114,"column":12},"end":{"line":122,"column":13}},"type":"if","locations":[{"start":{"line":114,"column":12},"end":{"line":122,"column":13}},{"start":{},"end":{}}],"line":114},"9":{"loc":{"start":{"line":116,"column":16},"end":{"line":121,"column":17}},"type":"if","locations":[{"start":{"line":116,"column":16},"end":{"line":121,"column":17}},{"start":{},"end":{}}],"line":116},"10":{"loc":{"start":{"line":141,"column":8},"end":{"line":146,"column":9}},"type":"if","locations":[{"start":{"line":141,"column":8},"end":{"line":146,"column":9}},{"start":{},"end":{}}],"line":141},"11":{"loc":{"start":{"line":141,"column":12},"end":{"line":141,"column":42}},"type":"binary-expr","locations":[{"start":{"line":141,"column":12},"end":{"line":141,"column":22}},{"start":{"line":141,"column":26},"end":{"line":141,"column":42}}],"line":141},"12":{"loc":{"start":{"line":150,"column":12},"end":{"line":155,"column":13}},"type":"if","locations":[{"start":{"line":150,"column":12},"end":{"line":155,"column":13}},{"start":{},"end":{}}],"line":150},"13":{"loc":{"start":{"line":156,"column":12},"end":{"line":160,"column":13}},"type":"if","locations":[{"start":{"line":156,"column":12},"end":{"line":160,"column":13}},{"start":{},"end":{}}],"line":156}},"s":{"0":1,"1":1,"2":0,"3":0,"4":0,"5":0,"6":0,"7":0,"8":0,"9":0,"10":0,"11":0,"12":0,"13":0,"14":0,"15":0,"16":0,"17":0,"18":0,"19":0,"20":0,"21":0,"22":0,"23":0,"24":0,"25":0,"26":0,"27":0,"28":0,"29":0,"30":0,"31":0,"32":0,"33":0,"34":0,"35":0,"36":0,"37":0,"38":0,"39":0,"40":0,"41":0,"42":0,"43":0,"44":0,"45":0,"46":0,"47":0,"48":0,"49":0,"50":0,"51":0,"52":0,"53":0,"54":0,"55":0,"56":0,"57":0,"58":0,"59":0,"60":0,"61":1},"f":{"0":0,"1":0,"2":0,"3":0,"4":0},"b":{"0":[0,0],"1":[0,0],"2":[0,0],"3":[0,0],"4":[0,0],"5":[0,0],"6":[0,0],"7":[0,0],"8":[0,0],"9":[0,0],"10":[0,0],"11":[0,0],"12":[0,0],"13":[0,0]},"_coverageSchema":"1a1c01bbd47fc00a2c39e90264f33305004495a9","hash":"2c8afd21ad5a4e20c8831395a466e771389d3425"}
,"/Users/santiagomariaamorin/Documents/MiEcommerce8/MiEcomerce8/api/controllers/productController.js": {"path":"/Users/santiagomariaamorin/Documents/MiEcommerce8/MiEcomerce8/api/controllers/productController.js","statementMap":{"0":{"start":{"line":1,"column":10},"end":{"line":1,"column":28}},"1":{"start":{"line":3,"column":11},"end":{"line":3,"column":46}},"2":{"start":{"line":4,"column":22},"end":{"line":4,"column":51}},"3":{"start":{"line":5,"column":18},"end":{"line":5,"column":38}},"4":{"start":{"line":6,"column":18},"end":{"line":6,"column":57}},"5":{"start":{"line":7,"column":11},"end":{"line":7,"column":26}},"6":{"start":{"line":10,"column":26},"end":{"line":287,"column":1}},"7":{"start":{"line":12,"column":8},"end":{"line":33,"column":9}},"8":{"start":{"line":13,"column":12},"end":{"line":26,"column":13}},"9":{"start":{"line":14,"column":16},"end":{"line":23,"column":18}},"10":{"start":{"line":18,"column":20},"end":{"line":22,"column":22}},"11":{"start":{"line":25,"column":16},"end":{"line":25,"column":57}},"12":{"start":{"line":28,"column":12},"end":{"line":28,"column":29}},"13":{"start":{"line":29,"column":12},"end":{"line":32,"column":14}},"14":{"start":{"line":37,"column":8},"end":{"line":60,"column":9}},"15":{"start":{"line":38,"column":27},"end":{"line":38,"column":40}},"16":{"start":{"line":40,"column":30},"end":{"line":40,"column":63}},"17":{"start":{"line":42,"column":12},"end":{"line":53,"column":13}},"18":{"start":{"line":43,"column":16},"end":{"line":46,"column":18}},"19":{"start":{"line":48,"column":16},"end":{"line":52,"column":18}},"20":{"start":{"line":55,"column":12},"end":{"line":55,"column":29}},"21":{"start":{"line":56,"column":12},"end":{"line":59,"column":14}},"22":{"start":{"line":64,"column":22},"end":{"line":64,"column":30}},"23":{"start":{"line":65,"column":18},"end":{"line":65,"column":66}},"24":{"start":{"line":66,"column":8},"end":{"line":71,"column":9}},"25":{"start":{"line":67,"column":12},"end":{"line":70,"column":14}},"26":{"start":{"line":72,"column":8},"end":{"line":99,"column":9}},"27":{"start":{"line":73,"column":12},"end":{"line":93,"column":13}},"28":{"start":{"line":74,"column":16},"end":{"line":87,"column":18}},"29":{"start":{"line":83,"column":20},"end":{"line":86,"column":22}},"30":{"start":{"line":89,"column":16},"end":{"line":92,"column":18}},"31":{"start":{"line":94,"column":16},"end":{"line":94,"column":33}},"32":{"start":{"line":95,"column":16},"end":{"line":98,"column":13}},"33":{"start":{"line":103,"column":8},"end":{"line":154,"column":9}},"34":{"start":{"line":105,"column":27},"end":{"line":105,"column":40}},"35":{"start":{"line":106,"column":23},"end":{"line":106,"column":56}},"36":{"start":{"line":107,"column":12},"end":{"line":112,"column":13}},"37":{"start":{"line":108,"column":16},"end":{"line":111,"column":18}},"38":{"start":{"line":113,"column":75},"end":{"line":113,"column":83}},"39":{"start":{"line":115,"column":12},"end":{"line":115,"column":71}},"40":{"start":{"line":115,"column":26},"end":{"line":115,"column":70}},"41":{"start":{"line":116,"column":12},"end":{"line":140,"column":13}},"42":{"start":{"line":117,"column":16},"end":{"line":117,"column":65}},"43":{"start":{"line":118,"column":16},"end":{"line":118,"column":65}},"44":{"start":{"line":119,"column":16},"end":{"line":119,"column":144}},"45":{"start":{"line":120,"column":16},"end":{"line":120,"column":70}},"46":{"start":{"line":121,"column":16},"end":{"line":121,"column":97}},"47":{"start":{"line":122,"column":16},"end":{"line":122,"column":90}},"48":{"start":{"line":123,"column":29},"end":{"line":134,"column":17}},"49":{"start":{"line":135,"column":16},"end":{"line":139,"column":18}},"50":{"start":{"line":142,"column":12},"end":{"line":142,"column":31}},"51":{"start":{"line":143,"column":12},"end":{"line":149,"column":13}},"52":{"start":{"line":144,"column":16},"end":{"line":144,"column":35}},"53":{"start":{"line":145,"column":18},"end":{"line":149,"column":13}},"54":{"start":{"line":146,"column":16},"end":{"line":146,"column":35}},"55":{"start":{"line":148,"column":16},"end":{"line":148,"column":35}},"56":{"start":{"line":150,"column":12},"end":{"line":153,"column":14}},"57":{"start":{"line":158,"column":8},"end":{"line":178,"column":9}},"58":{"start":{"line":159,"column":12},"end":{"line":170,"column":14}},"59":{"start":{"line":165,"column":16},"end":{"line":169,"column":18}},"60":{"start":{"line":173,"column":12},"end":{"line":173,"column":29}},"61":{"start":{"line":174,"column":12},"end":{"line":177,"column":14}},"62":{"start":{"line":182,"column":8},"end":{"line":227,"column":9}},"63":{"start":{"line":183,"column":26},"end":{"line":183,"column":39}},"64":{"start":{"line":184,"column":12},"end":{"line":214,"column":13}},"65":{"start":{"line":185,"column":33},"end":{"line":185,"column":85}},"66":{"start":{"line":186,"column":16},"end":{"line":206,"column":17}},"67":{"start":{"line":187,"column":38},"end":{"line":187,"column":94}},"68":{"start":{"line":188,"column":37},"end":{"line":188,"column":85}},"69":{"start":{"line":190,"column":20},"end":{"line":200,"column":21}},"70":{"start":{"line":191,"column":24},"end":{"line":194,"column":26}},"71":{"start":{"line":196,"column":24},"end":{"line":199,"column":26}},"72":{"start":{"line":202,"column":20},"end":{"line":205,"column":22}},"73":{"start":{"line":210,"column":16},"end":{"line":213,"column":18}},"74":{"start":{"line":216,"column":12},"end":{"line":216,"column":29}},"75":{"start":{"line":223,"column":12},"end":{"line":226,"column":14}},"76":{"start":{"line":231,"column":8},"end":{"line":254,"column":9}},"77":{"start":{"line":232,"column":24},"end":{"line":232,"column":42}},"78":{"start":{"line":233,"column":12},"end":{"line":248,"column":14}},"79":{"start":{"line":236,"column":16},"end":{"line":247,"column":17}},"80":{"start":{"line":237,"column":20},"end":{"line":241,"column":22}},"81":{"start":{"line":243,"column":20},"end":{"line":246,"column":22}},"82":{"start":{"line":250,"column":12},"end":{"line":253,"column":14}},"83":{"start":{"line":258,"column":8},"end":{"line":284,"column":9}},"84":{"start":{"line":259,"column":12},"end":{"line":259,"column":34}},"85":{"start":{"line":260,"column":12},"end":{"line":260,"column":33}},"86":{"start":{"line":262,"column":29},"end":{"line":270,"column":13}},"87":{"start":{"line":273,"column":12},"end":{"line":277,"column":14}},"88":{"start":{"line":279,"column":12},"end":{"line":279,"column":29}},"89":{"start":{"line":280,"column":12},"end":{"line":283,"column":10}},"90":{"start":{"line":289,"column":0},"end":{"line":289,"column":35}}},"fnMap":{"0":{"name":"(anonymous_0)","decl":{"start":{"line":11,"column":18},"end":{"line":11,"column":19}},"loc":{"start":{"line":11,"column":32},"end":{"line":34,"column":5}},"line":11},"1":{"name":"(anonymous_1)","decl":{"start":{"line":17,"column":22},"end":{"line":17,"column":23}},"loc":{"start":{"line":17,"column":35},"end":{"line":23,"column":17}},"line":17},"2":{"name":"(anonymous_2)","decl":{"start":{"line":36,"column":17},"end":{"line":36,"column":18}},"loc":{"start":{"line":36,"column":37},"end":{"line":61,"column":5}},"line":36},"3":{"name":"(anonymous_3)","decl":{"start":{"line":63,"column":19},"end":{"line":63,"column":20}},"loc":{"start":{"line":63,"column":38},"end":{"line":100,"column":5}},"line":63},"4":{"name":"(anonymous_4)","decl":{"start":{"line":82,"column":22},"end":{"line":82,"column":23}},"loc":{"start":{"line":82,"column":35},"end":{"line":87,"column":17}},"line":82},"5":{"name":"(anonymous_5)","decl":{"start":{"line":102,"column":17},"end":{"line":102,"column":18}},"loc":{"start":{"line":102,"column":37},"end":{"line":155,"column":5}},"line":102},"6":{"name":"(anonymous_6)","decl":{"start":{"line":157,"column":20},"end":{"line":157,"column":21}},"loc":{"start":{"line":157,"column":34},"end":{"line":179,"column":5}},"line":157},"7":{"name":"(anonymous_7)","decl":{"start":{"line":164,"column":20},"end":{"line":164,"column":21}},"loc":{"start":{"line":164,"column":33},"end":{"line":170,"column":13}},"line":164},"8":{"name":"(anonymous_8)","decl":{"start":{"line":181,"column":19},"end":{"line":181,"column":20}},"loc":{"start":{"line":181,"column":39},"end":{"line":228,"column":5}},"line":181},"9":{"name":"(anonymous_9)","decl":{"start":{"line":230,"column":18},"end":{"line":230,"column":19}},"loc":{"start":{"line":230,"column":32},"end":{"line":255,"column":5}},"line":230},"10":{"name":"(anonymous_10)","decl":{"start":{"line":235,"column":20},"end":{"line":235,"column":21}},"loc":{"start":{"line":235,"column":30},"end":{"line":248,"column":13}},"line":235},"11":{"name":"(anonymous_11)","decl":{"start":{"line":257,"column":17},"end":{"line":257,"column":18}},"loc":{"start":{"line":257,"column":37},"end":{"line":285,"column":5}},"line":257}},"branchMap":{"0":{"loc":{"start":{"line":13,"column":12},"end":{"line":26,"column":13}},"type":"if","locations":[{"start":{"line":13,"column":12},"end":{"line":26,"column":13}},{"start":{"line":24,"column":17},"end":{"line":26,"column":13}}],"line":13},"1":{"loc":{"start":{"line":42,"column":12},"end":{"line":53,"column":13}},"type":"if","locations":[{"start":{"line":42,"column":12},"end":{"line":53,"column":13}},{"start":{"line":47,"column":17},"end":{"line":53,"column":13}}],"line":42},"2":{"loc":{"start":{"line":66,"column":8},"end":{"line":71,"column":9}},"type":"if","locations":[{"start":{"line":66,"column":8},"end":{"line":71,"column":9}},{"start":{},"end":{}}],"line":66},"3":{"loc":{"start":{"line":66,"column":11},"end":{"line":66,"column":63}},"type":"binary-expr","locations":[{"start":{"line":66,"column":11},"end":{"line":66,"column":27}},{"start":{"line":66,"column":31},"end":{"line":66,"column":63}}],"line":66},"4":{"loc":{"start":{"line":73,"column":12},"end":{"line":93,"column":13}},"type":"if","locations":[{"start":{"line":73,"column":12},"end":{"line":93,"column":13}},{"start":{"line":88,"column":17},"end":{"line":93,"column":13}}],"line":73},"5":{"loc":{"start":{"line":73,"column":15},"end":{"line":73,"column":71}},"type":"binary-expr","locations":[{"start":{"line":73,"column":15},"end":{"line":73,"column":41}},{"start":{"line":73,"column":45},"end":{"line":73,"column":71}}],"line":73},"6":{"loc":{"start":{"line":107,"column":12},"end":{"line":112,"column":13}},"type":"if","locations":[{"start":{"line":107,"column":12},"end":{"line":112,"column":13}},{"start":{},"end":{}}],"line":107},"7":{"loc":{"start":{"line":115,"column":12},"end":{"line":115,"column":71}},"type":"if","locations":[{"start":{"line":115,"column":12},"end":{"line":115,"column":71}},{"start":{},"end":{}}],"line":115},"8":{"loc":{"start":{"line":116,"column":12},"end":{"line":140,"column":13}},"type":"if","locations":[{"start":{"line":116,"column":12},"end":{"line":140,"column":13}},{"start":{},"end":{}}],"line":116},"9":{"loc":{"start":{"line":116,"column":15},"end":{"line":116,"column":76}},"type":"binary-expr","locations":[{"start":{"line":116,"column":15},"end":{"line":116,"column":20}},{"start":{"line":116,"column":22},"end":{"line":116,"column":27}},{"start":{"line":116,"column":29},"end":{"line":116,"column":40}},{"start":{"line":116,"column":42},"end":{"line":116,"column":45}},{"start":{"line":116,"column":47},"end":{"line":116,"column":57}},{"start":{"line":116,"column":59},"end":{"line":116,"column":76}}],"line":116},"10":{"loc":{"start":{"line":117,"column":16},"end":{"line":117,"column":64}},"type":"cond-expr","locations":[{"start":{"line":117,"column":23},"end":{"line":117,"column":41}},{"start":{"line":117,"column":43},"end":{"line":117,"column":64}}],"line":117},"11":{"loc":{"start":{"line":118,"column":16},"end":{"line":118,"column":64}},"type":"cond-expr","locations":[{"start":{"line":118,"column":23},"end":{"line":118,"column":41}},{"start":{"line":118,"column":43},"end":{"line":118,"column":64}}],"line":118},"12":{"loc":{"start":{"line":119,"column":16},"end":{"line":119,"column":143}},"type":"cond-expr","locations":[{"start":{"line":119,"column":64},"end":{"line":119,"column":100}},{"start":{"line":119,"column":102},"end":{"line":119,"column":143}}],"line":119},"13":{"loc":{"start":{"line":119,"column":16},"end":{"line":119,"column":62}},"type":"binary-expr","locations":[{"start":{"line":119,"column":16},"end":{"line":119,"column":26}},{"start":{"line":119,"column":30},"end":{"line":119,"column":45}},{"start":{"line":119,"column":47},"end":{"line":119,"column":62}}],"line":119},"14":{"loc":{"start":{"line":120,"column":16},"end":{"line":120,"column":69}},"type":"cond-expr","locations":[{"start":{"line":120,"column":26},"end":{"line":120,"column":44}},{"start":{"line":120,"column":46},"end":{"line":120,"column":69}}],"line":120},"15":{"loc":{"start":{"line":121,"column":16},"end":{"line":121,"column":96}},"type":"cond-expr","locations":[{"start":{"line":121,"column":29},"end":{"line":121,"column":59}},{"start":{"line":121,"column":61},"end":{"line":121,"column":96}}],"line":121},"16":{"loc":{"start":{"line":122,"column":16},"end":{"line":122,"column":89}},"type":"cond-expr","locations":[{"start":{"line":122,"column":34},"end":{"line":122,"column":58}},{"start":{"line":122,"column":60},"end":{"line":122,"column":89}}],"line":122},"17":{"loc":{"start":{"line":143,"column":12},"end":{"line":149,"column":13}},"type":"if","locations":[{"start":{"line":143,"column":12},"end":{"line":149,"column":13}},{"start":{"line":145,"column":18},"end":{"line":149,"column":13}}],"line":143},"18":{"loc":{"start":{"line":145,"column":18},"end":{"line":149,"column":13}},"type":"if","locations":[{"start":{"line":145,"column":18},"end":{"line":149,"column":13}},{"start":{"line":147,"column":17},"end":{"line":149,"column":13}}],"line":145},"19":{"loc":{"start":{"line":184,"column":12},"end":{"line":214,"column":13}},"type":"if","locations":[{"start":{"line":184,"column":12},"end":{"line":214,"column":13}},{"start":{"line":209,"column":17},"end":{"line":214,"column":13}}],"line":184},"20":{"loc":{"start":{"line":186,"column":16},"end":{"line":206,"column":17}},"type":"if","locations":[{"start":{"line":186,"column":16},"end":{"line":206,"column":17}},{"start":{"line":201,"column":21},"end":{"line":206,"column":17}}],"line":186},"21":{"loc":{"start":{"line":190,"column":20},"end":{"line":200,"column":21}},"type":"if","locations":[{"start":{"line":190,"column":20},"end":{"line":200,"column":21}},{"start":{"line":195,"column":25},"end":{"line":200,"column":21}}],"line":190},"22":{"loc":{"start":{"line":236,"column":16},"end":{"line":247,"column":17}},"type":"if","locations":[{"start":{"line":236,"column":16},"end":{"line":247,"column":17}},{"start":{"line":242,"column":21},"end":{"line":247,"column":17}}],"line":236}},"s":{"0":1,"1":1,"2":1,"3":1,"4":1,"5":1,"6":1,"7":0,"8":0,"9":0,"10":0,"11":0,"12":0,"13":0,"14":6,"15":6,"16":6,"17":6,"18":0,"19":6,"20":0,"21":0,"22":0,"23":0,"24":0,"25":0,"26":0,"27":0,"28":0,"29":0,"30":0,"31":0,"32":0,"33":4,"34":4,"35":4,"36":4,"37":0,"38":4,"39":4,"40":2,"41":4,"42":2,"43":2,"44":2,"45":2,"46":2,"47":2,"48":2,"49":2,"50":0,"51":0,"52":0,"53":0,"54":0,"55":0,"56":0,"57":0,"58":0,"59":0,"60":0,"61":0,"62":0,"63":0,"64":0,"65":0,"66":0,"67":0,"68":0,"69":0,"70":0,"71":0,"72":0,"73":0,"74":0,"75":0,"76":0,"77":0,"78":0,"79":0,"80":0,"81":0,"82":0,"83":0,"84":0,"85":0,"86":0,"87":0,"88":0,"89":0,"90":1},"f":{"0":0,"1":0,"2":6,"3":0,"4":0,"5":4,"6":0,"7":0,"8":0,"9":0,"10":0,"11":0},"b":{"0":[0,0],"1":[0,6],"2":[0,0],"3":[0,0],"4":[0,0],"5":[0,0],"6":[0,4],"7":[2,2],"8":[2,2],"9":[4,2,2,2,2,2],"10":[2,0],"11":[2,0],"12":[2,0],"13":[2,0,2],"14":[2,0],"15":[2,0],"16":[2,0],"17":[0,0],"18":[0,0],"19":[0,0],"20":[0,0],"21":[0,0],"22":[0,0]},"_coverageSchema":"1a1c01bbd47fc00a2c39e90264f33305004495a9","hash":"470e6ef196eb2146b23e9d3540624f35120b127d"}
,"/Users/santiagomariaamorin/Documents/MiEcommerce8/MiEcomerce8/api/controllers/userController.js": {"path":"/Users/santiagomariaamorin/Documents/MiEcommerce8/MiEcomerce8/api/controllers/userController.js","statementMap":{"0":{"start":{"line":1,"column":20},"end":{"line":1,"column":56}},"1":{"start":{"line":2,"column":11},"end":{"line":2,"column":46}},"2":{"start":{"line":3,"column":22},"end":{"line":3,"column":51}},"3":{"start":{"line":4,"column":18},"end":{"line":4,"column":38}},"4":{"start":{"line":5,"column":13},"end":{"line":5,"column":53}},"5":{"start":{"line":6,"column":11},"end":{"line":6,"column":26}},"6":{"start":{"line":8,"column":19},"end":{"line":58,"column":1}},"7":{"start":{"line":9,"column":4},"end":{"line":57,"column":5}},"8":{"start":{"line":10,"column":19},"end":{"line":10,"column":27}},"9":{"start":{"line":12,"column":8},"end":{"line":17,"column":9}},"10":{"start":{"line":13,"column":12},"end":{"line":16,"column":14}},"11":{"start":{"line":18,"column":20},"end":{"line":23,"column":10}},"12":{"start":{"line":25,"column":8},"end":{"line":50,"column":9}},"13":{"start":{"line":26,"column":12},"end":{"line":26,"column":40}},"14":{"start":{"line":27,"column":22},"end":{"line":31,"column":13}},"15":{"start":{"line":33,"column":26},"end":{"line":33,"column":48}},"16":{"start":{"line":35,"column":12},"end":{"line":44,"column":15}},"17":{"start":{"line":46,"column":12},"end":{"line":49,"column":14}},"18":{"start":{"line":52,"column":8},"end":{"line":52,"column":24}},"19":{"start":{"line":53,"column":8},"end":{"line":56,"column":10}},"20":{"start":{"line":60,"column":21},"end":{"line":84,"column":1}},"21":{"start":{"line":61,"column":4},"end":{"line":83,"column":5}},"22":{"start":{"line":62,"column":20},"end":{"line":62,"column":22}},"23":{"start":{"line":63,"column":8},"end":{"line":63,"column":127}},"24":{"start":{"line":64,"column":8},"end":{"line":76,"column":9}},"25":{"start":{"line":65,"column":16},"end":{"line":70,"column":15}},"26":{"start":{"line":72,"column":12},"end":{"line":75,"column":15}},"27":{"start":{"line":78,"column":8},"end":{"line":78,"column":23}},"28":{"start":{"line":79,"column":8},"end":{"line":82,"column":11}},"29":{"start":{"line":85,"column":17},"end":{"line":118,"column":1}},"30":{"start":{"line":86,"column":4},"end":{"line":117,"column":5}},"31":{"start":{"line":87,"column":20},"end":{"line":87,"column":33}},"32":{"start":{"line":88,"column":17},"end":{"line":88,"column":49}},"33":{"start":{"line":89,"column":8},"end":{"line":109,"column":9}},"34":{"start":{"line":90,"column":18},"end":{"line":98,"column":9}},"35":{"start":{"line":99,"column":12},"end":{"line":103,"column":15}},"36":{"start":{"line":105,"column":12},"end":{"line":108,"column":15}},"37":{"start":{"line":112,"column":8},"end":{"line":112,"column":23}},"38":{"start":{"line":113,"column":8},"end":{"line":116,"column":11}},"39":{"start":{"line":121,"column":19},"end":{"line":163,"column":1}},"40":{"start":{"line":122,"column":4},"end":{"line":162,"column":5}},"41":{"start":{"line":123,"column":74},"end":{"line":123,"column":82}},"42":{"start":{"line":124,"column":7},"end":{"line":155,"column":9}},"43":{"start":{"line":125,"column":12},"end":{"line":125,"column":41}},"44":{"start":{"line":126,"column":12},"end":{"line":126,"column":46}},"45":{"start":{"line":127,"column":12},"end":{"line":127,"column":39}},"46":{"start":{"line":128,"column":21},"end":{"line":136,"column":14}},"47":{"start":{"line":137,"column":22},"end":{"line":144,"column":13}},"48":{"start":{"line":145,"column":12},"end":{"line":149,"column":14}},"49":{"start":{"line":151,"column":12},"end":{"line":154,"column":15}},"50":{"start":{"line":157,"column":8},"end":{"line":157,"column":23}},"51":{"start":{"line":158,"column":8},"end":{"line":161,"column":11}},"52":{"start":{"line":165,"column":23},"end":{"line":209,"column":1}},"53":{"start":{"line":166,"column":4},"end":{"line":208,"column":5}},"54":{"start":{"line":167,"column":65},"end":{"line":167,"column":73}},"55":{"start":{"line":168,"column":17},"end":{"line":168,"column":30}},"56":{"start":{"line":169,"column":8},"end":{"line":201,"column":9}},"57":{"start":{"line":170,"column":12},"end":{"line":195,"column":13}},"58":{"start":{"line":171,"column":16},"end":{"line":171,"column":83}},"59":{"start":{"line":172,"column":16},"end":{"line":172,"column":92}},"60":{"start":{"line":173,"column":16},"end":{"line":173,"column":96}},"61":{"start":{"line":174,"column":16},"end":{"line":174,"column":93}},"62":{"start":{"line":175,"column":16},"end":{"line":175,"column":98}},"63":{"start":{"line":176,"column":16},"end":{"line":176,"column":80}},"64":{"start":{"line":177,"column":26},"end":{"line":177,"column":55}},"65":{"start":{"line":178,"column":16},"end":{"line":189,"column":17}},"66":{"start":{"line":179,"column":20},"end":{"line":183,"column":22}},"67":{"start":{"line":185,"column":20},"end":{"line":188,"column":22}},"68":{"start":{"line":191,"column":16},"end":{"line":194,"column":19}},"69":{"start":{"line":197,"column":12},"end":{"line":200,"column":15}},"70":{"start":{"line":203,"column":8},"end":{"line":203,"column":23}},"71":{"start":{"line":204,"column":8},"end":{"line":207,"column":11}},"72":{"start":{"line":211,"column":22},"end":{"line":242,"column":1}},"73":{"start":{"line":212,"column":4},"end":{"line":240,"column":5}},"74":{"start":{"line":213,"column":17},"end":{"line":213,"column":30}},"75":{"start":{"line":214,"column":8},"end":{"line":233,"column":9}},"76":{"start":{"line":215,"column":16},"end":{"line":215,"column":42}},"77":{"start":{"line":216,"column":27},"end":{"line":216,"column":68}},"78":{"start":{"line":217,"column":16},"end":{"line":227,"column":17}},"79":{"start":{"line":218,"column":20},"end":{"line":221,"column":23}},"80":{"start":{"line":223,"column":20},"end":{"line":226,"column":23}},"81":{"start":{"line":229,"column":12},"end":{"line":232,"column":15}},"82":{"start":{"line":235,"column":8},"end":{"line":235,"column":23}},"83":{"start":{"line":236,"column":8},"end":{"line":239,"column":11}},"84":{"start":{"line":244,"column":0},"end":{"line":244,"column":102}}},"fnMap":{"0":{"name":"(anonymous_0)","decl":{"start":{"line":8,"column":19},"end":{"line":8,"column":20}},"loc":{"start":{"line":8,"column":36},"end":{"line":58,"column":1}},"line":8},"1":{"name":"(anonymous_1)","decl":{"start":{"line":60,"column":21},"end":{"line":60,"column":22}},"loc":{"start":{"line":60,"column":37},"end":{"line":84,"column":1}},"line":60},"2":{"name":"(anonymous_2)","decl":{"start":{"line":85,"column":17},"end":{"line":85,"column":18}},"loc":{"start":{"line":85,"column":34},"end":{"line":118,"column":1}},"line":85},"3":{"name":"(anonymous_3)","decl":{"start":{"line":121,"column":19},"end":{"line":121,"column":20}},"loc":{"start":{"line":121,"column":36},"end":{"line":163,"column":1}},"line":121},"4":{"name":"(anonymous_4)","decl":{"start":{"line":165,"column":23},"end":{"line":165,"column":24}},"loc":{"start":{"line":165,"column":39},"end":{"line":209,"column":1}},"line":165},"5":{"name":"(anonymous_5)","decl":{"start":{"line":211,"column":22},"end":{"line":211,"column":23}},"loc":{"start":{"line":211,"column":39},"end":{"line":242,"column":1}},"line":211}},"branchMap":{"0":{"loc":{"start":{"line":12,"column":8},"end":{"line":17,"column":9}},"type":"if","locations":[{"start":{"line":12,"column":8},"end":{"line":17,"column":9}},{"start":{},"end":{}}],"line":12},"1":{"loc":{"start":{"line":12,"column":11},"end":{"line":12,"column":40}},"type":"binary-expr","locations":[{"start":{"line":12,"column":11},"end":{"line":12,"column":22}},{"start":{"line":12,"column":26},"end":{"line":12,"column":40}}],"line":12},"2":{"loc":{"start":{"line":25,"column":8},"end":{"line":50,"column":9}},"type":"if","locations":[{"start":{"line":25,"column":8},"end":{"line":50,"column":9}},{"start":{"line":45,"column":13},"end":{"line":50,"column":9}}],"line":25},"3":{"loc":{"start":{"line":64,"column":8},"end":{"line":76,"column":9}},"type":"if","locations":[{"start":{"line":64,"column":8},"end":{"line":76,"column":9}},{"start":{"line":71,"column":13},"end":{"line":76,"column":9}}],"line":64},"4":{"loc":{"start":{"line":89,"column":8},"end":{"line":109,"column":9}},"type":"if","locations":[{"start":{"line":89,"column":8},"end":{"line":109,"column":9}},{"start":{"line":104,"column":13},"end":{"line":109,"column":9}}],"line":89},"5":{"loc":{"start":{"line":124,"column":7},"end":{"line":155,"column":9}},"type":"if","locations":[{"start":{"line":124,"column":7},"end":{"line":155,"column":9}},{"start":{"line":150,"column":13},"end":{"line":155,"column":9}}],"line":124},"6":{"loc":{"start":{"line":124,"column":10},"end":{"line":124,"column":56}},"type":"binary-expr","locations":[{"start":{"line":124,"column":10},"end":{"line":124,"column":15}},{"start":{"line":124,"column":17},"end":{"line":124,"column":25}},{"start":{"line":124,"column":27},"end":{"line":124,"column":35}},{"start":{"line":124,"column":37},"end":{"line":124,"column":46}},{"start":{"line":124,"column":48},"end":{"line":124,"column":56}}],"line":124},"7":{"loc":{"start":{"line":127,"column":12},"end":{"line":127,"column":39}},"type":"cond-expr","locations":[{"start":{"line":127,"column":18},"end":{"line":127,"column":22}},{"start":{"line":127,"column":25},"end":{"line":127,"column":39}}],"line":127},"8":{"loc":{"start":{"line":134,"column":29},"end":{"line":134,"column":61}},"type":"cond-expr","locations":[{"start":{"line":134,"column":40},"end":{"line":134,"column":50}},{"start":{"line":134,"column":51},"end":{"line":134,"column":61}}],"line":134},"9":{"loc":{"start":{"line":169,"column":8},"end":{"line":201,"column":9}},"type":"if","locations":[{"start":{"line":169,"column":8},"end":{"line":201,"column":9}},{"start":{"line":196,"column":13},"end":{"line":201,"column":9}}],"line":169},"10":{"loc":{"start":{"line":170,"column":12},"end":{"line":195,"column":13}},"type":"if","locations":[{"start":{"line":170,"column":12},"end":{"line":195,"column":13}},{"start":{"line":190,"column":17},"end":{"line":195,"column":13}}],"line":170},"11":{"loc":{"start":{"line":170,"column":15},"end":{"line":170,"column":69}},"type":"binary-expr","locations":[{"start":{"line":170,"column":15},"end":{"line":170,"column":20}},{"start":{"line":170,"column":22},"end":{"line":170,"column":30}},{"start":{"line":170,"column":32},"end":{"line":170,"column":41}},{"start":{"line":170,"column":43},"end":{"line":170,"column":51}},{"start":{"line":170,"column":53},"end":{"line":170,"column":63}},{"start":{"line":170,"column":65},"end":{"line":170,"column":69}}],"line":170},"12":{"loc":{"start":{"line":171,"column":16},"end":{"line":171,"column":82}},"type":"cond-expr","locations":[{"start":{"line":171,"column":23},"end":{"line":171,"column":79}},{"start":{"line":171,"column":80},"end":{"line":171,"column":82}}],"line":171},"13":{"loc":{"start":{"line":172,"column":16},"end":{"line":172,"column":91}},"type":"cond-expr","locations":[{"start":{"line":172,"column":26},"end":{"line":172,"column":88}},{"start":{"line":172,"column":89},"end":{"line":172,"column":91}}],"line":172},"14":{"loc":{"start":{"line":173,"column":16},"end":{"line":173,"column":95}},"type":"cond-expr","locations":[{"start":{"line":173,"column":27},"end":{"line":173,"column":92}},{"start":{"line":173,"column":93},"end":{"line":173,"column":95}}],"line":173},"15":{"loc":{"start":{"line":174,"column":16},"end":{"line":174,"column":92}},"type":"cond-expr","locations":[{"start":{"line":174,"column":26},"end":{"line":174,"column":89}},{"start":{"line":174,"column":90},"end":{"line":174,"column":92}}],"line":174},"16":{"loc":{"start":{"line":175,"column":16},"end":{"line":175,"column":97}},"type":"cond-expr","locations":[{"start":{"line":175,"column":28},"end":{"line":175,"column":94}},{"start":{"line":175,"column":95},"end":{"line":175,"column":97}}],"line":175},"17":{"loc":{"start":{"line":176,"column":16},"end":{"line":176,"column":79}},"type":"cond-expr","locations":[{"start":{"line":176,"column":22},"end":{"line":176,"column":76}},{"start":{"line":176,"column":77},"end":{"line":176,"column":79}}],"line":176},"18":{"loc":{"start":{"line":178,"column":16},"end":{"line":189,"column":17}},"type":"if","locations":[{"start":{"line":178,"column":16},"end":{"line":189,"column":17}},{"start":{"line":184,"column":21},"end":{"line":189,"column":17}}],"line":178},"19":{"loc":{"start":{"line":214,"column":8},"end":{"line":233,"column":9}},"type":"if","locations":[{"start":{"line":214,"column":8},"end":{"line":233,"column":9}},{"start":{"line":228,"column":13},"end":{"line":233,"column":9}}],"line":214},"20":{"loc":{"start":{"line":217,"column":16},"end":{"line":227,"column":17}},"type":"if","locations":[{"start":{"line":217,"column":16},"end":{"line":227,"column":17}},{"start":{"line":222,"column":21},"end":{"line":227,"column":17}}],"line":217}},"s":{"0":1,"1":1,"2":1,"3":1,"4":1,"5":1,"6":1,"7":0,"8":0,"9":0,"10":0,"11":0,"12":0,"13":0,"14":0,"15":0,"16":0,"17":0,"18":0,"19":0,"20":1,"21":0,"22":0,"23":0,"24":0,"25":0,"26":0,"27":0,"28":0,"29":1,"30":0,"31":0,"32":0,"33":0,"34":0,"35":0,"36":0,"37":0,"38":0,"39":1,"40":0,"41":0,"42":0,"43":0,"44":0,"45":0,"46":0,"47":0,"48":0,"49":0,"50":0,"51":0,"52":1,"53":0,"54":0,"55":0,"56":0,"57":0,"58":0,"59":0,"60":0,"61":0,"62":0,"63":0,"64":0,"65":0,"66":0,"67":0,"68":0,"69":0,"70":0,"71":0,"72":1,"73":0,"74":0,"75":0,"76":0,"77":0,"78":0,"79":0,"80":0,"81":0,"82":0,"83":0,"84":1},"f":{"0":0,"1":0,"2":0,"3":0,"4":0,"5":0},"b":{"0":[0,0],"1":[0,0],"2":[0,0],"3":[0,0],"4":[0,0],"5":[0,0],"6":[0,0,0,0,0],"7":[0,0],"8":[0,0],"9":[0,0],"10":[0,0],"11":[0,0,0,0,0,0],"12":[0,0],"13":[0,0],"14":[0,0],"15":[0,0],"16":[0,0],"17":[0,0],"18":[0,0],"19":[0,0],"20":[0,0]},"_coverageSchema":"1a1c01bbd47fc00a2c39e90264f33305004495a9","hash":"8aff19eb4fdc2305ce0fd792977ea7d8b8077b5b"}
,"/Users/santiagomariaamorin/Documents/MiEcommerce8/MiEcomerce8/api/database/config/config.js": {"path":"/Users/santiagomariaamorin/Documents/MiEcommerce8/MiEcomerce8/api/database/config/config.js","statementMap":{"0":{"start":{"line":1,"column":0},"end":{"line":1,"column":27}},"1":{"start":{"line":3,"column":15},"end":{"line":27,"column":1}},"2":{"start":{"line":28,"column":0},"end":{"line":28,"column":24}}},"fnMap":{},"branchMap":{"0":{"loc":{"start":{"line":5,"column":16},"end":{"line":5,"column":45}},"type":"binary-expr","locations":[{"start":{"line":5,"column":16},"end":{"line":5,"column":35}},{"start":{"line":5,"column":39},"end":{"line":5,"column":45}}],"line":5},"1":{"loc":{"start":{"line":6,"column":16},"end":{"line":6,"column":41}},"type":"binary-expr","locations":[{"start":{"line":6,"column":16},"end":{"line":6,"column":35}},{"start":{"line":6,"column":39},"end":{"line":6,"column":41}}],"line":6},"2":{"loc":{"start":{"line":7,"column":16},"end":{"line":7,"column":52}},"type":"binary-expr","locations":[{"start":{"line":7,"column":16},"end":{"line":7,"column":35}},{"start":{"line":7,"column":39},"end":{"line":7,"column":52}}],"line":7},"3":{"loc":{"start":{"line":8,"column":12},"end":{"line":8,"column":46}},"type":"binary-expr","locations":[{"start":{"line":8,"column":12},"end":{"line":8,"column":31}},{"start":{"line":8,"column":35},"end":{"line":8,"column":46}}],"line":8},"4":{"loc":{"start":{"line":9,"column":12},"end":{"line":9,"column":41}},"type":"binary-expr","locations":[{"start":{"line":9,"column":12},"end":{"line":9,"column":31}},{"start":{"line":9,"column":35},"end":{"line":9,"column":41}}],"line":9},"5":{"loc":{"start":{"line":13,"column":16},"end":{"line":13,"column":45}},"type":"binary-expr","locations":[{"start":{"line":13,"column":16},"end":{"line":13,"column":35}},{"start":{"line":13,"column":39},"end":{"line":13,"column":45}}],"line":13},"6":{"loc":{"start":{"line":14,"column":16},"end":{"line":14,"column":41}},"type":"binary-expr","locations":[{"start":{"line":14,"column":16},"end":{"line":14,"column":35}},{"start":{"line":14,"column":39},"end":{"line":14,"column":41}}],"line":14},"7":{"loc":{"start":{"line":15,"column":16},"end":{"line":15,"column":62}},"type":"binary-expr","locations":[{"start":{"line":15,"column":16},"end":{"line":15,"column":40}},{"start":{"line":15,"column":44},"end":{"line":15,"column":62}}],"line":15},"8":{"loc":{"start":{"line":16,"column":12},"end":{"line":16,"column":46}},"type":"binary-expr","locations":[{"start":{"line":16,"column":12},"end":{"line":16,"column":31}},{"start":{"line":16,"column":35},"end":{"line":16,"column":46}}],"line":16},"9":{"loc":{"start":{"line":17,"column":12},"end":{"line":17,"column":41}},"type":"binary-expr","locations":[{"start":{"line":17,"column":12},"end":{"line":17,"column":31}},{"start":{"line":17,"column":35},"end":{"line":17,"column":41}}],"line":17}},"s":{"0":1,"1":1,"2":1},"f":{},"b":{"0":[1,0],"1":[1,1],"2":[1,0],"3":[1,0],"4":[1,0],"5":[1,0],"6":[1,1],"7":[1,0],"8":[1,0],"9":[1,0]},"_coverageSchema":"1a1c01bbd47fc00a2c39e90264f33305004495a9","hash":"b8b322d408e020a20fe3c941f28a7894d48beacc"}
,"/Users/santiagomariaamorin/Documents/MiEcommerce8/MiEcomerce8/api/database/models/Cart.js": {"path":"/Users/santiagomariaamorin/Documents/MiEcommerce8/MiEcomerce8/api/database/models/Cart.js","statementMap":{"0":{"start":{"line":1,"column":0},"end":{"line":29,"column":1}},"1":{"start":{"line":2,"column":18},"end":{"line":2,"column":24}},"2":{"start":{"line":3,"column":17},"end":{"line":20,"column":5}},"3":{"start":{"line":21,"column":19},"end":{"line":25,"column":5}},"4":{"start":{"line":26,"column":17},"end":{"line":26,"column":54}},"5":{"start":{"line":28,"column":4},"end":{"line":28,"column":16}}},"fnMap":{"0":{"name":"(anonymous_0)","decl":{"start":{"line":1,"column":17},"end":{"line":1,"column":18}},"loc":{"start":{"line":1,"column":43},"end":{"line":29,"column":1}},"line":1}},"branchMap":{},"s":{"0":1,"1":1,"2":1,"3":1,"4":1,"5":1},"f":{"0":1},"b":{},"_coverageSchema":"1a1c01bbd47fc00a2c39e90264f33305004495a9","hash":"381a247505db2abf87ff07f4ca3de50b058aa6b2"}
,"/Users/santiagomariaamorin/Documents/MiEcommerce8/MiEcomerce8/api/database/models/Categoria.js": {"path":"/Users/santiagomariaamorin/Documents/MiEcommerce8/MiEcomerce8/api/database/models/Categoria.js","statementMap":{"0":{"start":{"line":1,"column":0},"end":{"line":28,"column":1}},"1":{"start":{"line":2,"column":18},"end":{"line":2,"column":29}},"2":{"start":{"line":3,"column":17},"end":{"line":14,"column":5}},"3":{"start":{"line":15,"column":18},"end":{"line":18,"column":5}},"4":{"start":{"line":19,"column":22},"end":{"line":19,"column":56}},"5":{"start":{"line":20,"column":4},"end":{"line":24,"column":5}},"6":{"start":{"line":21,"column":8},"end":{"line":23,"column":10}},"7":{"start":{"line":26,"column":4},"end":{"line":26,"column":21}}},"fnMap":{"0":{"name":"(anonymous_0)","decl":{"start":{"line":1,"column":17},"end":{"line":1,"column":18}},"loc":{"start":{"line":1,"column":40},"end":{"line":28,"column":1}},"line":1},"1":{"name":"(anonymous_1)","decl":{"start":{"line":20,"column":26},"end":{"line":20,"column":27}},"loc":{"start":{"line":20,"column":36},"end":{"line":24,"column":5}},"line":20}},"branchMap":{},"s":{"0":1,"1":1,"2":1,"3":1,"4":1,"5":1,"6":1,"7":1},"f":{"0":1,"1":1},"b":{},"_coverageSchema":"1a1c01bbd47fc00a2c39e90264f33305004495a9","hash":"c8b46bbd574610a4ed16b6233f7175a314ec8782"}
,"/Users/santiagomariaamorin/Documents/MiEcommerce8/MiEcomerce8/api/database/models/Usuario.js": {"path":"/Users/santiagomariaamorin/Documents/MiEcommerce8/MiEcomerce8/api/database/models/Usuario.js","statementMap":{"0":{"start":{"line":1,"column":13},"end":{"line":1,"column":30}},"1":{"start":{"line":3,"column":0},"end":{"line":61,"column":1}},"2":{"start":{"line":4,"column":18},"end":{"line":4,"column":27}},"3":{"start":{"line":5,"column":17},"end":{"line":43,"column":5}},"4":{"start":{"line":44,"column":18},"end":{"line":47,"column":5}},"5":{"start":{"line":48,"column":20},"end":{"line":48,"column":54}},"6":{"start":{"line":50,"column":4},"end":{"line":57,"column":5}},"7":{"start":{"line":51,"column":8},"end":{"line":56,"column":10}},"8":{"start":{"line":59,"column":4},"end":{"line":59,"column":19}}},"fnMap":{"0":{"name":"(anonymous_0)","decl":{"start":{"line":3,"column":17},"end":{"line":3,"column":18}},"loc":{"start":{"line":3,"column":40},"end":{"line":61,"column":1}},"line":3},"1":{"name":"(anonymous_1)","decl":{"start":{"line":50,"column":24},"end":{"line":50,"column":25}},"loc":{"start":{"line":50,"column":36},"end":{"line":57,"column":5}},"line":50}},"branchMap":{},"s":{"0":1,"1":1,"2":1,"3":1,"4":1,"5":1,"6":1,"7":1,"8":1},"f":{"0":1,"1":1},"b":{},"_coverageSchema":"1a1c01bbd47fc00a2c39e90264f33305004495a9","hash":"4c142ba1f6442861b82242af4752d7fb481922fb"}
,"/Users/santiagomariaamorin/Documents/MiEcommerce8/MiEcomerce8/api/database/models/index.js": {"path":"/Users/santiagomariaamorin/Documents/MiEcommerce8/MiEcomerce8/api/database/models/index.js","statementMap":{"0":{"start":{"line":3,"column":11},"end":{"line":3,"column":24}},"1":{"start":{"line":4,"column":13},"end":{"line":4,"column":28}},"2":{"start":{"line":5,"column":18},"end":{"line":5,"column":38}},"3":{"start":{"line":6,"column":17},"end":{"line":6,"column":42}},"4":{"start":{"line":7,"column":12},"end":{"line":7,"column":49}},"5":{"start":{"line":8,"column":15},"end":{"line":8,"column":63}},"6":{"start":{"line":9,"column":11},"end":{"line":9,"column":13}},"7":{"start":{"line":12,"column":0},"end":{"line":16,"column":1}},"8":{"start":{"line":13,"column":2},"end":{"line":13,"column":74}},"9":{"start":{"line":15,"column":2},"end":{"line":15,"column":87}},"10":{"start":{"line":18,"column":0},"end":{"line":26,"column":5}},"11":{"start":{"line":21,"column":4},"end":{"line":21,"column":90}},"12":{"start":{"line":24,"column":18},"end":{"line":24,"column":85}},"13":{"start":{"line":25,"column":4},"end":{"line":25,"column":27}},"14":{"start":{"line":28,"column":0},"end":{"line":32,"column":3}},"15":{"start":{"line":29,"column":2},"end":{"line":31,"column":3}},"16":{"start":{"line":30,"column":4},"end":{"line":30,"column":32}},"17":{"start":{"line":34,"column":0},"end":{"line":34,"column":25}},"18":{"start":{"line":35,"column":0},"end":{"line":35,"column":25}},"19":{"start":{"line":37,"column":0},"end":{"line":37,"column":20}}},"fnMap":{"0":{"name":"(anonymous_0)","decl":{"start":{"line":20,"column":10},"end":{"line":20,"column":11}},"loc":{"start":{"line":20,"column":18},"end":{"line":22,"column":3}},"line":20},"1":{"name":"(anonymous_1)","decl":{"start":{"line":23,"column":11},"end":{"line":23,"column":12}},"loc":{"start":{"line":23,"column":19},"end":{"line":26,"column":3}},"line":23},"2":{"name":"(anonymous_2)","decl":{"start":{"line":28,"column":24},"end":{"line":28,"column":25}},"loc":{"start":{"line":28,"column":37},"end":{"line":32,"column":1}},"line":28}},"branchMap":{"0":{"loc":{"start":{"line":7,"column":12},"end":{"line":7,"column":49}},"type":"binary-expr","locations":[{"start":{"line":7,"column":12},"end":{"line":7,"column":32}},{"start":{"line":7,"column":36},"end":{"line":7,"column":49}}],"line":7},"1":{"loc":{"start":{"line":12,"column":0},"end":{"line":16,"column":1}},"type":"if","locations":[{"start":{"line":12,"column":0},"end":{"line":16,"column":1}},{"start":{"line":14,"column":7},"end":{"line":16,"column":1}}],"line":12},"2":{"loc":{"start":{"line":21,"column":11},"end":{"line":21,"column":89}},"type":"binary-expr","locations":[{"start":{"line":21,"column":12},"end":{"line":21,"column":35}},{"start":{"line":21,"column":41},"end":{"line":21,"column":58}},{"start":{"line":21,"column":64},"end":{"line":21,"column":88}}],"line":21},"3":{"loc":{"start":{"line":29,"column":2},"end":{"line":31,"column":3}},"type":"if","locations":[{"start":{"line":29,"column":2},"end":{"line":31,"column":3}},{"start":{},"end":{}}],"line":29}},"s":{"0":1,"1":1,"2":1,"3":1,"4":1,"5":1,"6":1,"7":1,"8":0,"9":1,"10":1,"11":6,"12":5,"13":5,"14":1,"15":5,"16":4,"17":1,"18":1,"19":1},"f":{"0":6,"1":5,"2":5},"b":{"0":[1,0],"1":[0,1],"2":[6,6,5],"3":[4,1]},"_coverageSchema":"1a1c01bbd47fc00a2c39e90264f33305004495a9","hash":"9b65a9d44f32913dcc2f259d9335c7518a25c832"}
,"/Users/santiagomariaamorin/Documents/MiEcommerce8/MiEcomerce8/api/database/models/picture.js": {"path":"/Users/santiagomariaamorin/Documents/MiEcommerce8/MiEcomerce8/api/database/models/picture.js","statementMap":{"0":{"start":{"line":4,"column":4},"end":{"line":37,"column":5}},"1":{"start":{"line":6,"column":22},"end":{"line":6,"column":31}},"2":{"start":{"line":7,"column":19},"end":{"line":22,"column":9}},"3":{"start":{"line":23,"column":22},"end":{"line":26,"column":9}},"4":{"start":{"line":28,"column":24},"end":{"line":28,"column":57}},"5":{"start":{"line":29,"column":8},"end":{"line":34,"column":9}},"6":{"start":{"line":30,"column":12},"end":{"line":33,"column":14}},"7":{"start":{"line":36,"column":8},"end":{"line":36,"column":23}}},"fnMap":{"0":{"name":"(anonymous_0)","decl":{"start":{"line":4,"column":21},"end":{"line":4,"column":22}},"loc":{"start":{"line":4,"column":46},"end":{"line":37,"column":5}},"line":4},"1":{"name":"(anonymous_1)","decl":{"start":{"line":29,"column":28},"end":{"line":29,"column":29}},"loc":{"start":{"line":29,"column":40},"end":{"line":34,"column":9}},"line":29}},"branchMap":{},"s":{"0":1,"1":1,"2":1,"3":1,"4":1,"5":1,"6":1,"7":1},"f":{"0":1,"1":1},"b":{},"_coverageSchema":"1a1c01bbd47fc00a2c39e90264f33305004495a9","hash":"ead0528cc546c02ffabce50d8d85559dcab9752c"}
,"/Users/santiagomariaamorin/Documents/MiEcommerce8/MiEcomerce8/api/database/models/product.js": {"path":"/Users/santiagomariaamorin/Documents/MiEcommerce8/MiEcomerce8/api/database/models/product.js","statementMap":{"0":{"start":{"line":1,"column":0},"end":{"line":59,"column":2}},"1":{"start":{"line":2,"column":16},"end":{"line":2,"column":25}},"2":{"start":{"line":3,"column":15},"end":{"line":29,"column":5}},"3":{"start":{"line":30,"column":17},"end":{"line":35,"column":5}},"4":{"start":{"line":36,"column":20},"end":{"line":36,"column":55}},"5":{"start":{"line":38,"column":4},"end":{"line":56,"column":5}},"6":{"start":{"line":39,"column":8},"end":{"line":54,"column":10}},"7":{"start":{"line":58,"column":4},"end":{"line":58,"column":19}}},"fnMap":{"0":{"name":"(anonymous_0)","decl":{"start":{"line":1,"column":17},"end":{"line":1,"column":18}},"loc":{"start":{"line":1,"column":43},"end":{"line":59,"column":1}},"line":1},"1":{"name":"(anonymous_1)","decl":{"start":{"line":38,"column":24},"end":{"line":38,"column":25}},"loc":{"start":{"line":38,"column":34},"end":{"line":56,"column":5}},"line":38}},"branchMap":{},"s":{"0":1,"1":1,"2":1,"3":1,"4":1,"5":1,"6":1,"7":1},"f":{"0":1,"1":1},"b":{},"_coverageSchema":"1a1c01bbd47fc00a2c39e90264f33305004495a9","hash":"7e70cec387723b61741db35f09cdfb53bae8eac7"}
,"/Users/santiagomariaamorin/Documents/MiEcommerce8/MiEcomerce8/api/middleware/habilitarMod.js": {"path":"/Users/santiagomariaamorin/Documents/MiEcommerce8/MiEcomerce8/api/middleware/habilitarMod.js","statementMap":{"0":{"start":{"line":1,"column":12},"end":{"line":1,"column":35}},"1":{"start":{"line":3,"column":21},"end":{"line":27,"column":1}},"2":{"start":{"line":4,"column":4},"end":{"line":24,"column":5}},"3":{"start":{"line":5,"column":25},"end":{"line":5,"column":36}},"4":{"start":{"line":6,"column":22},"end":{"line":6,"column":35}},"5":{"start":{"line":7,"column":8},"end":{"line":7,"column":31}},"6":{"start":{"line":8,"column":8},"end":{"line":8,"column":34}},"7":{"start":{"line":9,"column":8},"end":{"line":17,"column":9}},"8":{"start":{"line":10,"column":12},"end":{"line":10,"column":18}},"9":{"start":{"line":11,"column":14},"end":{"line":17,"column":9}},"10":{"start":{"line":12,"column":12},"end":{"line":12,"column":18}},"11":{"start":{"line":13,"column":15},"end":{"line":17,"column":9}},"12":{"start":{"line":14,"column":12},"end":{"line":14,"column":19}},"13":{"start":{"line":16,"column":12},"end":{"line":16,"column":95}},"14":{"start":{"line":19,"column":8},"end":{"line":19,"column":25}},"15":{"start":{"line":20,"column":8},"end":{"line":23,"column":10}},"16":{"start":{"line":29,"column":0},"end":{"line":29,"column":30}}},"fnMap":{"0":{"name":"(anonymous_0)","decl":{"start":{"line":3,"column":21},"end":{"line":3,"column":22}},"loc":{"start":{"line":3,"column":39},"end":{"line":27,"column":1}},"line":3}},"branchMap":{"0":{"loc":{"start":{"line":9,"column":8},"end":{"line":17,"column":9}},"type":"if","locations":[{"start":{"line":9,"column":8},"end":{"line":17,"column":9}},{"start":{"line":11,"column":14},"end":{"line":17,"column":9}}],"line":9},"1":{"loc":{"start":{"line":11,"column":14},"end":{"line":17,"column":9}},"type":"if","locations":[{"start":{"line":11,"column":14},"end":{"line":17,"column":9}},{"start":{"line":13,"column":15},"end":{"line":17,"column":9}}],"line":11},"2":{"loc":{"start":{"line":11,"column":18},"end":{"line":11,"column":104}},"type":"binary-expr","locations":[{"start":{"line":11,"column":19},"end":{"line":11,"column":52}},{"start":{"line":11,"column":56},"end":{"line":11,"column":88}},{"start":{"line":11,"column":93},"end":{"line":11,"column":104}}],"line":11},"3":{"loc":{"start":{"line":13,"column":15},"end":{"line":17,"column":9}},"type":"if","locations":[{"start":{"line":13,"column":15},"end":{"line":17,"column":9}},{"start":{"line":15,"column":13},"end":{"line":17,"column":9}}],"line":13},"4":{"loc":{"start":{"line":13,"column":20},"end":{"line":13,"column":117}},"type":"binary-expr","locations":[{"start":{"line":13,"column":21},"end":{"line":13,"column":57}},{"start":{"line":13,"column":61},"end":{"line":13,"column":97}},{"start":{"line":13,"column":102},"end":{"line":13,"column":117}}],"line":13}},"s":{"0":1,"1":1,"2":6,"3":6,"4":6,"5":6,"6":6,"7":6,"8":2,"9":4,"10":0,"11":4,"12":2,"13":2,"14":0,"15":0,"16":1},"f":{"0":6},"b":{"0":[2,4],"1":[0,4],"2":[4,4,0],"3":[2,2],"4":[4,4,4]},"_coverageSchema":"1a1c01bbd47fc00a2c39e90264f33305004495a9","hash":"6af5904f12e1c0e378d4fe3268ebe51966d59f6b"}
,"/Users/santiagomariaamorin/Documents/MiEcommerce8/MiEcomerce8/api/middleware/habilitarVis.js": {"path":"/Users/santiagomariaamorin/Documents/MiEcommerce8/MiEcomerce8/api/middleware/habilitarVis.js","statementMap":{"0":{"start":{"line":1,"column":12},"end":{"line":1,"column":35}},"1":{"start":{"line":3,"column":21},"end":{"line":23,"column":1}},"2":{"start":{"line":4,"column":4},"end":{"line":21,"column":5}},"3":{"start":{"line":5,"column":25},"end":{"line":5,"column":36}},"4":{"start":{"line":6,"column":22},"end":{"line":6,"column":35}},"5":{"start":{"line":8,"column":8},"end":{"line":13,"column":9}},"6":{"start":{"line":10,"column":12},"end":{"line":10,"column":19}},"7":{"start":{"line":12,"column":12},"end":{"line":12,"column":95}},"8":{"start":{"line":16,"column":8},"end":{"line":16,"column":25}},"9":{"start":{"line":17,"column":8},"end":{"line":20,"column":10}},"10":{"start":{"line":25,"column":0},"end":{"line":25,"column":30}}},"fnMap":{"0":{"name":"(anonymous_0)","decl":{"start":{"line":3,"column":21},"end":{"line":3,"column":22}},"loc":{"start":{"line":3,"column":39},"end":{"line":23,"column":1}},"line":3}},"branchMap":{"0":{"loc":{"start":{"line":8,"column":8},"end":{"line":13,"column":9}},"type":"if","locations":[{"start":{"line":8,"column":8},"end":{"line":13,"column":9}},{"start":{"line":11,"column":13},"end":{"line":13,"column":9}}],"line":8},"1":{"loc":{"start":{"line":8,"column":11},"end":{"line":8,"column":135}},"type":"binary-expr","locations":[{"start":{"line":8,"column":13},"end":{"line":8,"column":46}},{"start":{"line":8,"column":50},"end":{"line":8,"column":82}},{"start":{"line":8,"column":87},"end":{"line":8,"column":98}},{"start":{"line":8,"column":103},"end":{"line":8,"column":118}},{"start":{"line":8,"column":122},"end":{"line":8,"column":135}}],"line":8}},"s":{"0":1,"1":1,"2":0,"3":0,"4":0,"5":0,"6":0,"7":0,"8":0,"9":0,"10":1},"f":{"0":0},"b":{"0":[0,0],"1":[0,0,0,0,0]},"_coverageSchema":"1a1c01bbd47fc00a2c39e90264f33305004495a9","hash":"507e2599abd5b7842435abe319e56384349badf5"}
,"/Users/santiagomariaamorin/Documents/MiEcommerce8/MiEcomerce8/api/middleware/handleEmail.js": {"path":"/Users/santiagomariaamorin/Documents/MiEcommerce8/MiEcomerce8/api/middleware/handleEmail.js","statementMap":{"0":{"start":{"line":1,"column":20},"end":{"line":1,"column":56}},"1":{"start":{"line":2,"column":11},"end":{"line":2,"column":46}},"2":{"start":{"line":3,"column":22},"end":{"line":3,"column":51}},"3":{"start":{"line":4,"column":18},"end":{"line":4,"column":38}},"4":{"start":{"line":5,"column":11},"end":{"line":5,"column":26}},"5":{"start":{"line":7,"column":0},"end":{"line":19,"column":1}},"6":{"start":{"line":8,"column":18},"end":{"line":8,"column":26}},"7":{"start":{"line":9,"column":15},"end":{"line":9,"column":62}},"8":{"start":{"line":10,"column":4},"end":{"line":10,"column":22}},"9":{"start":{"line":11,"column":4},"end":{"line":18,"column":5}},"10":{"start":{"line":12,"column":8},"end":{"line":12,"column":15}},"11":{"start":{"line":14,"column":8},"end":{"line":17,"column":11}}},"fnMap":{"0":{"name":"(anonymous_0)","decl":{"start":{"line":7,"column":17},"end":{"line":7,"column":18}},"loc":{"start":{"line":7,"column":39},"end":{"line":19,"column":1}},"line":7}},"branchMap":{"0":{"loc":{"start":{"line":11,"column":4},"end":{"line":18,"column":5}},"type":"if","locations":[{"start":{"line":11,"column":4},"end":{"line":18,"column":5}},{"start":{"line":13,"column":9},"end":{"line":18,"column":5}}],"line":11}},"s":{"0":1,"1":1,"2":1,"3":1,"4":1,"5":1,"6":0,"7":0,"8":0,"9":0,"10":0,"11":0},"f":{"0":0},"b":{"0":[0,0]},"_coverageSchema":"1a1c01bbd47fc00a2c39e90264f33305004495a9","hash":"0472c44e55b0ab769935dbacf2919664255f0727"}
,"/Users/santiagomariaamorin/Documents/MiEcommerce8/MiEcomerce8/api/middleware/handleErrors.js": {"path":"/Users/santiagomariaamorin/Documents/MiEcommerce8/MiEcomerce8/api/middleware/handleErrors.js","statementMap":{"0":{"start":{"line":1,"column":29},"end":{"line":1,"column":57}},"1":{"start":{"line":3,"column":21},"end":{"line":12,"column":1}},"2":{"start":{"line":5,"column":18},"end":{"line":5,"column":39}},"3":{"start":{"line":7,"column":3},"end":{"line":9,"column":4}},"4":{"start":{"line":8,"column":6},"end":{"line":8,"column":42}},"5":{"start":{"line":11,"column":3},"end":{"line":11,"column":10}},"6":{"start":{"line":15,"column":0},"end":{"line":15,"column":30}}},"fnMap":{"0":{"name":"(anonymous_0)","decl":{"start":{"line":3,"column":21},"end":{"line":3,"column":22}},"loc":{"start":{"line":3,"column":41},"end":{"line":12,"column":1}},"line":3}},"branchMap":{"0":{"loc":{"start":{"line":7,"column":3},"end":{"line":9,"column":4}},"type":"if","locations":[{"start":{"line":7,"column":3},"end":{"line":9,"column":4}},{"start":{},"end":{}}],"line":7}},"s":{"0":1,"1":1,"2":0,"3":0,"4":0,"5":0,"6":1},"f":{"0":0},"b":{"0":[0,0]},"_coverageSchema":"1a1c01bbd47fc00a2c39e90264f33305004495a9","hash":"9f9ffa63e1c1b3c9e23a4ea2c9957ff43975bde6"}
,"/Users/santiagomariaamorin/Documents/MiEcommerce8/MiEcomerce8/api/middleware/handleUsername.js": {"path":"/Users/santiagomariaamorin/Documents/MiEcommerce8/MiEcomerce8/api/middleware/handleUsername.js","statementMap":{"0":{"start":{"line":1,"column":20},"end":{"line":1,"column":56}},"1":{"start":{"line":2,"column":11},"end":{"line":2,"column":46}},"2":{"start":{"line":3,"column":22},"end":{"line":3,"column":51}},"3":{"start":{"line":4,"column":18},"end":{"line":4,"column":38}},"4":{"start":{"line":5,"column":11},"end":{"line":5,"column":26}},"5":{"start":{"line":7,"column":0},"end":{"line":18,"column":1}},"6":{"start":{"line":8,"column":21},"end":{"line":8,"column":29}},"7":{"start":{"line":9,"column":15},"end":{"line":9,"column":68}},"8":{"start":{"line":10,"column":4},"end":{"line":17,"column":5}},"9":{"start":{"line":11,"column":8},"end":{"line":14,"column":11}},"10":{"start":{"line":16,"column":8},"end":{"line":16,"column":15}}},"fnMap":{"0":{"name":"(anonymous_0)","decl":{"start":{"line":7,"column":17},"end":{"line":7,"column":18}},"loc":{"start":{"line":7,"column":38},"end":{"line":18,"column":1}},"line":7}},"branchMap":{"0":{"loc":{"start":{"line":10,"column":4},"end":{"line":17,"column":5}},"type":"if","locations":[{"start":{"line":10,"column":4},"end":{"line":17,"column":5}},{"start":{"line":15,"column":9},"end":{"line":17,"column":5}}],"line":10}},"s":{"0":1,"1":1,"2":1,"3":1,"4":1,"5":1,"6":0,"7":0,"8":0,"9":0,"10":0},"f":{"0":0},"b":{"0":[0,0]},"_coverageSchema":"1a1c01bbd47fc00a2c39e90264f33305004495a9","hash":"209975b46a78b64f0fe4113eb50f23174acbe9bd"}
,"/Users/santiagomariaamorin/Documents/MiEcommerce8/MiEcomerce8/api/middleware/middlewareIDinBody.js": {"path":"/Users/santiagomariaamorin/Documents/MiEcommerce8/MiEcomerce8/api/middleware/middlewareIDinBody.js","statementMap":{"0":{"start":{"line":3,"column":21},"end":{"line":3,"column":26}},"1":{"start":{"line":4,"column":4},"end":{"line":7,"column":5}},"2":{"start":{"line":5,"column":8},"end":{"line":5,"column":26}},"3":{"start":{"line":6,"column":8},"end":{"line":6,"column":43}},"4":{"start":{"line":8,"column":4},"end":{"line":12,"column":5}},"5":{"start":{"line":9,"column":8},"end":{"line":9,"column":26}},"6":{"start":{"line":10,"column":8},"end":{"line":10,"column":39}},"7":{"start":{"line":13,"column":4},"end":{"line":19,"column":5}},"8":{"start":{"line":14,"column":8},"end":{"line":14,"column":15}},"9":{"start":{"line":16,"column":8},"end":{"line":18,"column":11}},"10":{"start":{"line":21,"column":0},"end":{"line":21,"column":36}}},"fnMap":{"0":{"name":"middlewareIDinBody","decl":{"start":{"line":2,"column":9},"end":{"line":2,"column":27}},"loc":{"start":{"line":2,"column":42},"end":{"line":20,"column":1}},"line":2}},"branchMap":{"0":{"loc":{"start":{"line":4,"column":4},"end":{"line":7,"column":5}},"type":"if","locations":[{"start":{"line":4,"column":4},"end":{"line":7,"column":5}},{"start":{},"end":{}}],"line":4},"1":{"loc":{"start":{"line":4,"column":7},"end":{"line":4,"column":42}},"type":"binary-expr","locations":[{"start":{"line":4,"column":7},"end":{"line":4,"column":24}},{"start":{"line":4,"column":28},"end":{"line":4,"column":42}}],"line":4},"2":{"loc":{"start":{"line":8,"column":4},"end":{"line":12,"column":5}},"type":"if","locations":[{"start":{"line":8,"column":4},"end":{"line":12,"column":5}},{"start":{},"end":{}}],"line":8},"3":{"loc":{"start":{"line":8,"column":7},"end":{"line":8,"column":43}},"type":"binary-expr","locations":[{"start":{"line":8,"column":7},"end":{"line":8,"column":20}},{"start":{"line":8,"column":24},"end":{"line":8,"column":43}}],"line":8},"4":{"loc":{"start":{"line":13,"column":4},"end":{"line":19,"column":5}},"type":"if","locations":[{"start":{"line":13,"column":4},"end":{"line":19,"column":5}},{"start":{"line":15,"column":9},"end":{"line":19,"column":5}}],"line":13}},"s":{"0":0,"1":0,"2":0,"3":0,"4":0,"5":0,"6":0,"7":0,"8":0,"9":0,"10":1},"f":{"0":0},"b":{"0":[0,0],"1":[0,0],"2":[0,0],"3":[0,0],"4":[0,0]},"_coverageSchema":"1a1c01bbd47fc00a2c39e90264f33305004495a9","hash":"961041a4527b5b8aa3378e9ddaba9d2cea9d417e"}
,"/Users/santiagomariaamorin/Documents/MiEcommerce8/MiEcomerce8/api/middleware/productExist.js": {"path":"/Users/santiagomariaamorin/Documents/MiEcommerce8/MiEcomerce8/api/middleware/productExist.js","statementMap":{"0":{"start":{"line":1,"column":11},"end":{"line":1,"column":46}},"1":{"start":{"line":3,"column":22},"end":{"line":24,"column":1}},"2":{"start":{"line":4,"column":20},"end":{"line":4,"column":21}},"3":{"start":{"line":6,"column":4},"end":{"line":8,"column":5}},"4":{"start":{"line":7,"column":8},"end":{"line":7,"column":36}},"5":{"start":{"line":9,"column":4},"end":{"line":11,"column":5}},"6":{"start":{"line":10,"column":8},"end":{"line":10,"column":40}},"7":{"start":{"line":13,"column":18},"end":{"line":15,"column":7}},"8":{"start":{"line":16,"column":5},"end":{"line":23,"column":6}},"9":{"start":{"line":17,"column":8},"end":{"line":20,"column":11}},"10":{"start":{"line":22,"column":8},"end":{"line":22,"column":15}},"11":{"start":{"line":25,"column":0},"end":{"line":25,"column":30}}},"fnMap":{"0":{"name":"(anonymous_0)","decl":{"start":{"line":3,"column":22},"end":{"line":3,"column":23}},"loc":{"start":{"line":3,"column":44},"end":{"line":24,"column":1}},"line":3}},"branchMap":{"0":{"loc":{"start":{"line":6,"column":4},"end":{"line":8,"column":5}},"type":"if","locations":[{"start":{"line":6,"column":4},"end":{"line":8,"column":5}},{"start":{},"end":{}}],"line":6},"1":{"loc":{"start":{"line":6,"column":7},"end":{"line":6,"column":45}},"type":"binary-expr","locations":[{"start":{"line":6,"column":7},"end":{"line":6,"column":21}},{"start":{"line":6,"column":25},"end":{"line":6,"column":45}}],"line":6},"2":{"loc":{"start":{"line":9,"column":4},"end":{"line":11,"column":5}},"type":"if","locations":[{"start":{"line":9,"column":4},"end":{"line":11,"column":5}},{"start":{},"end":{}}],"line":9},"3":{"loc":{"start":{"line":9,"column":7},"end":{"line":9,"column":45}},"type":"binary-expr","locations":[{"start":{"line":9,"column":7},"end":{"line":9,"column":26}},{"start":{"line":9,"column":30},"end":{"line":9,"column":45}}],"line":9},"4":{"loc":{"start":{"line":16,"column":5},"end":{"line":23,"column":6}},"type":"if","locations":[{"start":{"line":16,"column":5},"end":{"line":23,"column":6}},{"start":{"line":21,"column":10},"end":{"line":23,"column":6}}],"line":16}},"s":{"0":1,"1":1,"2":0,"3":0,"4":0,"5":0,"6":0,"7":0,"8":0,"9":0,"10":0,"11":1},"f":{"0":0},"b":{"0":[0,0],"1":[0,0],"2":[0,0],"3":[0,0],"4":[0,0]},"_coverageSchema":"1a1c01bbd47fc00a2c39e90264f33305004495a9","hash":"ce5f4c735e9f567bbf8a245adb9d4ea1b53c4625"}
,"/Users/santiagomariaamorin/Documents/MiEcommerce8/MiEcomerce8/api/middleware/verifyToken.js": {"path":"/Users/santiagomariaamorin/Documents/MiEcommerce8/MiEcomerce8/api/middleware/verifyToken.js","statementMap":{"0":{"start":{"line":1,"column":12},"end":{"line":1,"column":35}},"1":{"start":{"line":2,"column":20},"end":{"line":2,"column":38}},"2":{"start":{"line":4,"column":20},"end":{"line":28,"column":1}},"3":{"start":{"line":6,"column":25},"end":{"line":6,"column":53}},"4":{"start":{"line":8,"column":4},"end":{"line":27,"column":5}},"5":{"start":{"line":9,"column":23},"end":{"line":9,"column":46}},"6":{"start":{"line":10,"column":28},"end":{"line":10,"column":37}},"7":{"start":{"line":11,"column":8},"end":{"line":23,"column":11}},"8":{"start":{"line":12,"column":12},"end":{"line":22,"column":13}},"9":{"start":{"line":13,"column":16},"end":{"line":13,"column":64}},"10":{"start":{"line":15,"column":16},"end":{"line":20,"column":17}},"11":{"start":{"line":17,"column":20},"end":{"line":17,"column":39}},"12":{"start":{"line":18,"column":20},"end":{"line":18,"column":37}},"13":{"start":{"line":19,"column":20},"end":{"line":19,"column":27}},"14":{"start":{"line":26,"column":8},"end":{"line":26,"column":56}},"15":{"start":{"line":30,"column":0},"end":{"line":30,"column":29}}},"fnMap":{"0":{"name":"(anonymous_0)","decl":{"start":{"line":4,"column":20},"end":{"line":4,"column":21}},"loc":{"start":{"line":4,"column":47},"end":{"line":28,"column":1}},"line":4},"1":{"name":"(anonymous_1)","decl":{"start":{"line":11,"column":61},"end":{"line":11,"column":62}},"loc":{"start":{"line":11,"column":76},"end":{"line":23,"column":9}},"line":11}},"branchMap":{"0":{"loc":{"start":{"line":8,"column":4},"end":{"line":27,"column":5}},"type":"if","locations":[{"start":{"line":8,"column":4},"end":{"line":27,"column":5}},{"start":{"line":25,"column":9},"end":{"line":27,"column":5}}],"line":8},"1":{"loc":{"start":{"line":12,"column":12},"end":{"line":22,"column":13}},"type":"if","locations":[{"start":{"line":12,"column":12},"end":{"line":22,"column":13}},{"start":{"line":14,"column":17},"end":{"line":22,"column":13}}],"line":12},"2":{"loc":{"start":{"line":15,"column":16},"end":{"line":20,"column":17}},"type":"if","locations":[{"start":{"line":15,"column":16},"end":{"line":20,"column":17}},{"start":{},"end":{}}],"line":15}},"s":{"0":1,"1":1,"2":1,"3":12,"4":12,"5":12,"6":12,"7":12,"8":12,"9":0,"10":12,"11":12,"12":12,"13":12,"14":0,"15":1},"f":{"0":12,"1":12},"b":{"0":[12,0],"1":[0,12],"2":[12,0]},"_coverageSchema":"1a1c01bbd47fc00a2c39e90264f33305004495a9","hash":"0ecf04f6769154d1dbae2406ad705fc29cb3765a"}
,"/Users/santiagomariaamorin/Documents/MiEcommerce8/MiEcomerce8/api/routes/cartRoutes.js": {"path":"/Users/santiagomariaamorin/Documents/MiEcommerce8/MiEcomerce8/api/routes/cartRoutes.js","statementMap":{"0":{"start":{"line":1,"column":16},"end":{"line":1,"column":34}},"1":{"start":{"line":2,"column":15},"end":{"line":2,"column":31}},"2":{"start":{"line":3,"column":21},"end":{"line":3,"column":58}},"3":{"start":{"line":4,"column":21},"end":{"line":4,"column":58}},"4":{"start":{"line":5,"column":20},"end":{"line":5,"column":56}},"5":{"start":{"line":6,"column":24},"end":{"line":6,"column":52}},"6":{"start":{"line":7,"column":18},"end":{"line":7,"column":46}},"7":{"start":{"line":8,"column":21},"end":{"line":8,"column":58}},"8":{"start":{"line":9,"column":19},"end":{"line":9,"column":61}},"9":{"start":{"line":11,"column":0},"end":{"line":11,"column":24}},"10":{"start":{"line":13,"column":0},"end":{"line":13,"column":54}},"11":{"start":{"line":15,"column":0},"end":{"line":19,"column":25}},"12":{"start":{"line":22,"column":0},"end":{"line":22,"column":24}}},"fnMap":{},"branchMap":{},"s":{"0":1,"1":1,"2":1,"3":1,"4":1,"5":1,"6":1,"7":1,"8":1,"9":1,"10":1,"11":1,"12":1},"f":{},"b":{},"_coverageSchema":"1a1c01bbd47fc00a2c39e90264f33305004495a9","hash":"77c44518631d41d3efd31ceeb2a53015aa77537c"}
,"/Users/santiagomariaamorin/Documents/MiEcommerce8/MiEcomerce8/api/routes/pictureRoutes.js": {"path":"/Users/santiagomariaamorin/Documents/MiEcommerce8/MiEcomerce8/api/routes/pictureRoutes.js","statementMap":{"0":{"start":{"line":1,"column":16},"end":{"line":1,"column":34}},"1":{"start":{"line":2,"column":15},"end":{"line":2,"column":31}},"2":{"start":{"line":3,"column":26},"end":{"line":3,"column":71}},"3":{"start":{"line":4,"column":27},"end":{"line":4,"column":70}},"4":{"start":{"line":5,"column":21},"end":{"line":5,"column":58}},"5":{"start":{"line":6,"column":20},"end":{"line":6,"column":56}},"6":{"start":{"line":7,"column":21},"end":{"line":7,"column":58}},"7":{"start":{"line":8,"column":21},"end":{"line":8,"column":58}},"8":{"start":{"line":9,"column":21},"end":{"line":9,"column":58}},"9":{"start":{"line":11,"column":18},"end":{"line":11,"column":46}},"10":{"start":{"line":12,"column":18},"end":{"line":12,"column":46}},"11":{"start":{"line":14,"column":0},"end":{"line":14,"column":24}},"12":{"start":{"line":16,"column":0},"end":{"line":16,"column":64}},"13":{"start":{"line":18,"column":0},"end":{"line":21,"column":77}},"14":{"start":{"line":23,"column":0},"end":{"line":30,"column":30}},"15":{"start":{"line":31,"column":0},"end":{"line":31,"column":55}},"16":{"start":{"line":33,"column":0},"end":{"line":33,"column":55}},"17":{"start":{"line":35,"column":0},"end":{"line":35,"column":60}},"18":{"start":{"line":37,"column":0},"end":{"line":37,"column":24}}},"fnMap":{},"branchMap":{},"s":{"0":1,"1":1,"2":1,"3":1,"4":1,"5":1,"6":1,"7":1,"8":1,"9":1,"10":1,"11":1,"12":1,"13":1,"14":1,"15":1,"16":1,"17":1,"18":1},"f":{},"b":{},"_coverageSchema":"1a1c01bbd47fc00a2c39e90264f33305004495a9","hash":"1b774ab2f97a63dc7cb6d80e15c8682ff3e708bb"}
,"/Users/santiagomariaamorin/Documents/MiEcommerce8/MiEcomerce8/api/routes/productRoutes.js": {"path":"/Users/santiagomariaamorin/Documents/MiEcommerce8/MiEcomerce8/api/routes/productRoutes.js","statementMap":{"0":{"start":{"line":1,"column":16},"end":{"line":1,"column":34}},"1":{"start":{"line":3,"column":26},"end":{"line":3,"column":69}},"2":{"start":{"line":4,"column":27},"end":{"line":4,"column":72}},"3":{"start":{"line":5,"column":27},"end":{"line":5,"column":70}},"4":{"start":{"line":6,"column":15},"end":{"line":6,"column":31}},"5":{"start":{"line":7,"column":21},"end":{"line":7,"column":58}},"6":{"start":{"line":8,"column":21},"end":{"line":8,"column":58}},"7":{"start":{"line":9,"column":20},"end":{"line":9,"column":56}},"8":{"start":{"line":10,"column":18},"end":{"line":10,"column":46}},"9":{"start":{"line":11,"column":18},"end":{"line":11,"column":46}},"10":{"start":{"line":12,"column":21},"end":{"line":12,"column":58}},"11":{"start":{"line":19,"column":0},"end":{"line":19,"column":24}},"12":{"start":{"line":22,"column":0},"end":{"line":22,"column":87}},"13":{"start":{"line":24,"column":0},"end":{"line":24,"column":47}},"14":{"start":{"line":26,"column":0},"end":{"line":29,"column":33}},"15":{"start":{"line":31,"column":0},"end":{"line":31,"column":60}},"16":{"start":{"line":33,"column":0},"end":{"line":33,"column":50}},"17":{"start":{"line":35,"column":0},"end":{"line":35,"column":63}},"18":{"start":{"line":37,"column":0},"end":{"line":42,"column":35}},"19":{"start":{"line":44,"column":0},"end":{"line":44,"column":68}},"20":{"start":{"line":47,"column":0},"end":{"line":47,"column":24}}},"fnMap":{},"branchMap":{},"s":{"0":1,"1":1,"2":1,"3":1,"4":1,"5":1,"6":1,"7":1,"8":1,"9":1,"10":1,"11":1,"12":1,"13":1,"14":1,"15":1,"16":1,"17":1,"18":1,"19":1,"20":1},"f":{},"b":{},"_coverageSchema":"1a1c01bbd47fc00a2c39e90264f33305004495a9","hash":"7da6d68489f5f92d3a5ddfcc3c21d4d4ce839906"}
,"/Users/santiagomariaamorin/Documents/MiEcommerce8/MiEcomerce8/api/routes/userRoutes.js": {"path":"/Users/santiagomariaamorin/Documents/MiEcommerce8/MiEcomerce8/api/routes/userRoutes.js","statementMap":{"0":{"start":{"line":1,"column":17},"end":{"line":1,"column":35}},"1":{"start":{"line":2,"column":18},"end":{"line":2,"column":46}},"2":{"start":{"line":3,"column":23},"end":{"line":3,"column":63}},"3":{"start":{"line":4,"column":15},"end":{"line":4,"column":23}},"4":{"start":{"line":5,"column":21},"end":{"line":5,"column":58}},"5":{"start":{"line":6,"column":21},"end":{"line":6,"column":58}},"6":{"start":{"line":7,"column":20},"end":{"line":7,"column":56}},"7":{"start":{"line":8,"column":23},"end":{"line":8,"column":65}},"8":{"start":{"line":9,"column":20},"end":{"line":9,"column":56}},"9":{"start":{"line":10,"column":23},"end":{"line":10,"column":62}},"10":{"start":{"line":16,"column":0},"end":{"line":20,"column":109}},"11":{"start":{"line":21,"column":0},"end":{"line":21,"column":50}},"12":{"start":{"line":23,"column":0},"end":{"line":23,"column":23}},"13":{"start":{"line":25,"column":0},"end":{"line":25,"column":63}},"14":{"start":{"line":26,"column":0},"end":{"line":26,"column":64}},"15":{"start":{"line":28,"column":0},"end":{"line":28,"column":45}},"16":{"start":{"line":29,"column":0},"end":{"line":29,"column":58}},"17":{"start":{"line":30,"column":0},"end":{"line":30,"column":64}},"18":{"start":{"line":31,"column":0},"end":{"line":31,"column":66}},"19":{"start":{"line":33,"column":0},"end":{"line":33,"column":24}}},"fnMap":{},"branchMap":{},"s":{"0":1,"1":1,"2":1,"3":1,"4":1,"5":1,"6":1,"7":1,"8":1,"9":1,"10":1,"11":1,"12":1,"13":1,"14":1,"15":1,"16":1,"17":1,"18":1,"19":1},"f":{},"b":{},"_coverageSchema":"1a1c01bbd47fc00a2c39e90264f33305004495a9","hash":"95d3f0492f62daf1f9ad8c7dea118ca25ea19400"}
,"/Users/santiagomariaamorin/Documents/MiEcommerce8/MiEcomerce8/helpers/generateJWT.js": {"path":"/Users/santiagomariaamorin/Documents/MiEcommerce8/MiEcomerce8/helpers/generateJWT.js","statementMap":{"0":{"start":{"line":1,"column":12},"end":{"line":1,"column":35}},"1":{"start":{"line":3,"column":20},"end":{"line":19,"column":1}},"2":{"start":{"line":5,"column":3},"end":{"line":18,"column":5}},"3":{"start":{"line":7,"column":6},"end":{"line":17,"column":8}},"4":{"start":{"line":11,"column":9},"end":{"line":14,"column":10}},"5":{"start":{"line":12,"column":12},"end":{"line":12,"column":29}},"6":{"start":{"line":13,"column":12},"end":{"line":13,"column":47}},"7":{"start":{"line":16,"column":9},"end":{"line":16,"column":24}},"8":{"start":{"line":21,"column":0},"end":{"line":21,"column":29}}},"fnMap":{"0":{"name":"(anonymous_0)","decl":{"start":{"line":3,"column":20},"end":{"line":3,"column":21}},"loc":{"start":{"line":3,"column":33},"end":{"line":19,"column":1}},"line":3},"1":{"name":"(anonymous_1)","decl":{"start":{"line":5,"column":22},"end":{"line":5,"column":23}},"loc":{"start":{"line":5,"column":43},"end":{"line":18,"column":4}},"line":5},"2":{"name":"(anonymous_2)","decl":{"start":{"line":10,"column":9},"end":{"line":10,"column":10}},"loc":{"start":{"line":10,"column":25},"end":{"line":17,"column":7}},"line":10}},"branchMap":{"0":{"loc":{"start":{"line":11,"column":9},"end":{"line":14,"column":10}},"type":"if","locations":[{"start":{"line":11,"column":9},"end":{"line":14,"column":10}},{"start":{},"end":{}}],"line":11}},"s":{"0":1,"1":1,"2":12,"3":12,"4":12,"5":0,"6":0,"7":12,"8":1},"f":{"0":12,"1":12,"2":12},"b":{"0":[0,12]},"_coverageSchema":"1a1c01bbd47fc00a2c39e90264f33305004495a9","hash":"173d9cb70e0af785a2ee0e9d279b4bd9498c7384"}
}
