TN:
SF:server.js
FN:29,(anonymous_0)
FN:37,(anonymous_1)
FN:42,(anonymous_2)
FN:47,(anonymous_3)
FN:52,(anonymous_4)
FN:68,(anonymous_5)
FNF:6
FNH:2
FNDA:0,(anonymous_0)
FNDA:0,(anonymous_1)
FNDA:0,(anonymous_2)
FNDA:2,(anonymous_3)
FNDA:0,(anonymous_4)
FNDA:1,(anonymous_5)
DA:1,1
DA:2,1
DA:3,1
DA:4,1
DA:5,1
DA:6,1
DA:7,1
DA:9,1
DA:13,1
DA:14,1
DA:15,1
DA:16,1
DA:19,1
DA:22,1
DA:25,1
DA:26,1
DA:28,1
DA:29,1
DA:30,1
DA:31,1
DA:32,1
DA:33,1
DA:35,1
DA:37,1
DA:42,1
DA:47,2
DA:52,1
DA:68,1
DA:69,1
DA:70,1
DA:73,1
LF:31
LH:31
BRF:0
BRH:0
end_of_record
TN:
SF:api/controllers/cartController.js
FN:8,(anonymous_0)
FN:13,(anonymous_1)
FN:18,(anonymous_2)
FN:37,(anonymous_3)
FN:67,(anonymous_4)
FN:84,(anonymous_5)
FN:101,(anonymous_6)
FN:134,(anonymous_7)
FN:161,(anonymous_8)
FNF:9
FNH:0
FNDA:0,(anonymous_0)
FNDA:0,(anonymous_1)
FNDA:0,(anonymous_2)
FNDA:0,(anonymous_3)
FNDA:0,(anonymous_4)
FNDA:0,(anonymous_5)
FNDA:0,(anonymous_6)
FNDA:0,(anonymous_7)
FNDA:0,(anonymous_8)
DA:2,1
DA:3,1
DA:4,1
DA:5,1
DA:6,1
DA:8,1
DA:9,0
DA:10,0
DA:13,1
DA:14,0
DA:15,0
DA:18,1
DA:19,0
DA:24,0
DA:25,0
DA:26,0
DA:27,0
DA:28,0
DA:34,0
DA:37,1
DA:38,0
DA:39,0
DA:40,0
DA:41,0
DA:42,0
DA:43,0
DA:44,0
DA:46,0
DA:52,0
DA:58,0
DA:59,0
DA:67,1
DA:68,0
DA:69,0
DA:71,0
DA:72,0
DA:73,0
DA:74,0
DA:75,0
DA:76,0
DA:78,0
DA:79,0
DA:84,1
DA:85,0
DA:86,0
DA:87,0
DA:88,0
DA:89,0
DA:94,0
DA:95,0
DA:96,0
DA:97,0
DA:98,0
DA:99,0
DA:101,0
DA:102,0
DA:103,0
DA:104,0
DA:105,0
DA:113,0
DA:114,0
DA:116,0
DA:118,0
DA:125,0
DA:133,0
DA:134,0
DA:135,0
DA:136,0
DA:137,0
DA:144,0
DA:145,0
DA:147,0
DA:153,0
DA:154,0
DA:161,1
DA:162,0
DA:163,0
DA:168,0
DA:169,0
DA:170,0
DA:176,0
DA:179,0
DA:180,0
DA:184,1
LF:84
LH:13
BRDA:41,0,0,0
BRDA:41,0,1,0
BRDA:43,1,0,0
BRDA:43,1,1,0
BRDA:68,2,0,0
BRDA:68,2,1,0
BRDA:72,3,0,0
BRDA:72,3,1,0
BRDA:74,4,0,0
BRDA:74,4,1,0
BRDA:88,5,0,0
BRDA:88,5,1,0
BRDA:102,6,0,0
BRDA:102,6,1,0
BRDA:104,7,0,0
BRDA:104,7,1,0
BRDA:114,8,0,0
BRDA:114,8,1,0
BRDA:135,9,0,0
BRDA:135,9,1,0
BRF:20
BRH:0
end_of_record
TN:
SF:api/controllers/picturesControllers.js
FN:7,(anonymous_0)
FN:39,(anonymous_1)
FN:70,(anonymous_2)
FN:94,(anonymous_3)
FN:139,(anonymous_4)
FNF:5
FNH:5
FNDA:6,(anonymous_0)
FNDA:3,(anonymous_1)
FNDA:2,(anonymous_2)
FNDA:8,(anonymous_3)
FNDA:6,(anonymous_4)
DA:2,1
DA:3,1
DA:5,1
DA:8,6
DA:9,6
DA:10,6
DA:11,6
DA:16,6
DA:17,3
DA:23,3
DA:31,0
DA:32,0
DA:41,3
DA:42,3
DA:43,3
DA:45,3
DA:50,3
DA:51,3
DA:57,0
DA:63,0
DA:67,0
DA:71,2
DA:73,2
DA:75,2
DA:76,2
DA:78,2
DA:80,2
DA:87,0
DA:88,0
DA:96,8
DA:97,8
DA:98,8
DA:99,2
DA:105,6
DA:107,6
DA:108,6
DA:109,2
DA:114,4
DA:115,4
DA:116,4
DA:117,2
DA:123,2
DA:126,2
DA:127,2
DA:135,0
DA:136,0
DA:140,6
DA:141,6
DA:142,2
DA:147,4
DA:149,4
DA:150,4
DA:151,2
DA:156,2
DA:157,2
DA:161,2
DA:164,0
DA:165,0
DA:170,1
LF:59
LH:48
BRDA:10,0,0,0
BRDA:10,0,1,6
BRDA:16,1,0,3
BRDA:16,1,1,3
BRDA:42,2,0,0
BRDA:42,2,1,3
BRDA:50,3,0,3
BRDA:50,3,1,0
BRDA:76,4,0,2
BRDA:76,4,1,0
BRDA:98,5,0,2
BRDA:98,5,1,6
BRDA:98,6,0,8
BRDA:98,6,1,8
BRDA:108,7,0,2
BRDA:108,7,1,4
BRDA:114,8,0,4
BRDA:114,8,1,0
BRDA:116,9,0,2
BRDA:116,9,1,2
BRDA:141,10,0,2
BRDA:141,10,1,4
BRDA:141,11,0,6
BRDA:141,11,1,6
BRDA:150,12,0,2
BRDA:150,12,1,2
BRDA:156,13,0,2
BRDA:156,13,1,0
BRF:28
BRH:22
end_of_record
TN:
SF:api/controllers/productController.js
FN:11,(anonymous_0)
FN:17,(anonymous_1)
FN:36,(anonymous_2)
FN:63,(anonymous_3)
FN:87,(anonymous_4)
FN:102,(anonymous_5)
FN:152,(anonymous_6)
FN:207,(anonymous_7)
FN:214,(anonymous_8)
FN:231,(anonymous_9)
FN:283,(anonymous_10)
FN:288,(anonymous_11)
FN:310,(anonymous_12)
FNF:13
FNH:0
FNDA:0,(anonymous_0)
FNDA:0,(anonymous_1)
FNDA:0,(anonymous_2)
FNDA:0,(anonymous_3)
FNDA:0,(anonymous_4)
FNDA:0,(anonymous_5)
FNDA:0,(anonymous_6)
FNDA:0,(anonymous_7)
FNDA:0,(anonymous_8)
FNDA:0,(anonymous_9)
FNDA:0,(anonymous_10)
FNDA:0,(anonymous_11)
FNDA:0,(anonymous_12)
DA:1,1
DA:3,1
DA:4,1
DA:5,1
DA:6,1
DA:7,1
DA:10,1
DA:12,0
DA:13,0
DA:14,0
DA:18,0
DA:25,0
DA:28,0
DA:29,0
DA:37,0
DA:38,0
DA:40,0
DA:42,0
DA:43,0
DA:48,0
DA:55,0
DA:56,0
DA:64,0
DA:65,0
DA:66,0
DA:67,0
DA:72,0
DA:73,0
DA:74,0
DA:79,0
DA:88,0
DA:94,0
DA:95,0
DA:103,0
DA:105,0
DA:106,0
DA:107,0
DA:108,0
DA:114,0
DA:116,0
DA:117,0
DA:118,0
DA:126,0
DA:127,0
DA:134,0
DA:137,0
DA:138,0
DA:139,0
DA:140,0
DA:141,0
DA:143,0
DA:145,0
DA:153,0
DA:155,0
DA:156,0
DA:157,0
DA:158,0
DA:163,0
DA:165,0
DA:166,0
DA:167,0
DA:168,0
DA:169,0
DA:170,0
DA:171,0
DA:172,0
DA:173,0
DA:185,0
DA:192,0
DA:193,0
DA:194,0
DA:195,0
DA:196,0
DA:198,0
DA:200,0
DA:208,0
DA:209,0
DA:215,0
DA:223,0
DA:224,0
DA:232,0
DA:233,0
DA:234,0
DA:235,0
DA:237,0
DA:238,0
DA:239,0
DA:240,0
DA:242,0
DA:243,0
DA:249,0
DA:255,0
DA:263,0
DA:269,0
DA:276,0
DA:284,0
DA:285,0
DA:286,0
DA:289,0
DA:290,0
DA:296,0
DA:303,0
DA:311,0
DA:312,0
DA:313,0
DA:315,0
DA:326,0
DA:332,0
DA:333,0
DA:342,1
LF:110
LH:8
BRDA:13,0,0,0
BRDA:13,0,1,0
BRDA:42,1,0,0
BRDA:42,1,1,0
BRDA:66,2,0,0
BRDA:66,2,1,0
BRDA:66,3,0,0
BRDA:66,3,1,0
BRDA:73,4,0,0
BRDA:73,4,1,0
BRDA:73,5,0,0
BRDA:73,5,1,0
BRDA:82,6,0,0
BRDA:82,6,1,0
BRDA:83,7,0,0
BRDA:83,7,1,0
BRDA:84,8,0,0
BRDA:84,8,1,0
BRDA:107,9,0,0
BRDA:107,9,1,0
BRDA:116,10,0,0
BRDA:116,10,1,0
BRDA:117,11,0,0
BRDA:117,11,1,0
BRDA:138,12,0,0
BRDA:138,12,1,0
BRDA:140,13,0,0
BRDA:140,13,1,0
BRDA:157,14,0,0
BRDA:157,14,1,0
BRDA:165,15,0,0
BRDA:165,15,1,0
BRDA:166,16,0,0
BRDA:166,16,1,0
BRDA:166,17,0,0
BRDA:166,17,1,0
BRDA:166,17,2,0
BRDA:166,17,3,0
BRDA:166,17,4,0
BRDA:166,17,5,0
BRDA:167,18,0,0
BRDA:167,18,1,0
BRDA:168,19,0,0
BRDA:168,19,1,0
BRDA:169,20,0,0
BRDA:169,20,1,0
BRDA:169,21,0,0
BRDA:169,21,1,0
BRDA:169,21,2,0
BRDA:170,22,0,0
BRDA:170,22,1,0
BRDA:171,23,0,0
BRDA:171,23,1,0
BRDA:172,24,0,0
BRDA:172,24,1,0
BRDA:193,25,0,0
BRDA:193,25,1,0
BRDA:195,26,0,0
BRDA:195,26,1,0
BRDA:234,27,0,0
BRDA:234,27,1,0
BRDA:237,28,0,0
BRDA:237,28,1,0
BRDA:242,29,0,0
BRDA:242,29,1,0
BRDA:289,30,0,0
BRDA:289,30,1,0
BRF:67
BRH:0
end_of_record
TN:
SF:api/controllers/userController.js
FN:8,(anonymous_0)
FN:60,(anonymous_1)
FN:85,(anonymous_2)
FN:121,(anonymous_3)
FN:165,(anonymous_4)
FN:211,(anonymous_5)
FNF:6
FNH:0
FNDA:0,(anonymous_0)
FNDA:0,(anonymous_1)
FNDA:0,(anonymous_2)
FNDA:0,(anonymous_3)
FNDA:0,(anonymous_4)
FNDA:0,(anonymous_5)
DA:1,1
DA:2,1
DA:3,1
DA:4,1
DA:5,1
DA:6,1
DA:8,1
DA:9,0
DA:10,0
DA:12,0
DA:13,0
DA:18,0
DA:25,0
DA:26,0
DA:27,0
DA:33,0
DA:35,0
DA:46,0
DA:52,0
DA:53,0
DA:60,1
DA:61,0
DA:62,0
DA:63,0
DA:64,0
DA:65,0
DA:72,0
DA:78,0
DA:79,0
DA:85,1
DA:86,0
DA:87,0
DA:88,0
DA:89,0
DA:90,0
DA:99,0
DA:105,0
DA:112,0
DA:113,0
DA:121,1
DA:122,0
DA:123,0
DA:124,0
DA:125,0
DA:126,0
DA:127,0
DA:128,0
DA:137,0
DA:145,0
DA:151,0
DA:157,0
DA:158,0
DA:165,1
DA:166,0
DA:167,0
DA:168,0
DA:169,0
DA:170,0
DA:171,0
DA:172,0
DA:173,0
DA:174,0
DA:175,0
DA:176,0
DA:177,0
DA:178,0
DA:179,0
DA:185,0
DA:191,0
DA:197,0
DA:203,0
DA:204,0
DA:211,1
DA:212,0
DA:213,0
DA:214,0
DA:215,0
DA:216,0
DA:217,0
DA:218,0
DA:223,0
DA:229,0
DA:235,0
DA:236,0
DA:244,1
LF:85
LH:13
BRDA:12,0,0,0
BRDA:12,0,1,0
BRDA:12,1,0,0
BRDA:12,1,1,0
BRDA:25,2,0,0
BRDA:25,2,1,0
BRDA:64,3,0,0
BRDA:64,3,1,0
BRDA:89,4,0,0
BRDA:89,4,1,0
BRDA:124,5,0,0
BRDA:124,5,1,0
BRDA:124,6,0,0
BRDA:124,6,1,0
BRDA:124,6,2,0
BRDA:124,6,3,0
BRDA:124,6,4,0
BRDA:127,7,0,0
BRDA:127,7,1,0
BRDA:134,8,0,0
BRDA:134,8,1,0
BRDA:169,9,0,0
BRDA:169,9,1,0
BRDA:170,10,0,0
BRDA:170,10,1,0
BRDA:170,11,0,0
BRDA:170,11,1,0
BRDA:170,11,2,0
BRDA:170,11,3,0
BRDA:170,11,4,0
BRDA:170,11,5,0
BRDA:171,12,0,0
BRDA:171,12,1,0
BRDA:172,13,0,0
BRDA:172,13,1,0
BRDA:173,14,0,0
BRDA:173,14,1,0
BRDA:174,15,0,0
BRDA:174,15,1,0
BRDA:175,16,0,0
BRDA:175,16,1,0
BRDA:176,17,0,0
BRDA:176,17,1,0
BRDA:178,18,0,0
BRDA:178,18,1,0
BRDA:214,19,0,0
BRDA:214,19,1,0
BRDA:217,20,0,0
BRDA:217,20,1,0
BRF:49
BRH:0
end_of_record
TN:
SF:api/database/config/config.js
FNF:0
FNH:0
DA:1,1
DA:3,1
DA:28,1
LF:3
LH:3
BRDA:5,0,0,1
BRDA:5,0,1,0
BRDA:6,1,0,1
BRDA:6,1,1,1
BRDA:7,2,0,1
BRDA:7,2,1,0
BRDA:8,3,0,1
BRDA:8,3,1,0
BRDA:9,4,0,1
BRDA:9,4,1,0
BRDA:13,5,0,1
BRDA:13,5,1,0
BRDA:14,6,0,1
BRDA:14,6,1,1
BRDA:15,7,0,1
BRDA:15,7,1,0
BRDA:16,8,0,1
BRDA:16,8,1,0
BRDA:17,9,0,1
BRDA:17,9,1,0
BRF:20
BRH:12
end_of_record
TN:
SF:api/database/models/Cart.js
FN:1,(anonymous_0)
FNF:1
FNH:1
FNDA:1,(anonymous_0)
DA:1,1
DA:2,1
DA:3,1
DA:21,1
DA:26,1
DA:28,1
LF:6
LH:6
BRF:0
BRH:0
end_of_record
TN:
SF:api/database/models/Categoria.js
FN:1,(anonymous_0)
FN:20,(anonymous_1)
FNF:2
FNH:2
FNDA:1,(anonymous_0)
FNDA:1,(anonymous_1)
DA:1,1
DA:2,1
DA:3,1
DA:15,1
DA:19,1
DA:20,1
DA:21,1
DA:26,1
LF:8
LH:8
BRF:0
BRH:0
end_of_record
TN:
SF:api/database/models/Usuario.js
FN:3,(anonymous_0)
FN:50,(anonymous_1)
FNF:2
FNH:2
FNDA:1,(anonymous_0)
FNDA:1,(anonymous_1)
DA:1,1
DA:3,1
DA:4,1
DA:5,1
DA:44,1
DA:48,1
DA:50,1
DA:51,1
DA:59,1
LF:9
LH:9
BRF:0
BRH:0
end_of_record
TN:
SF:api/database/models/index.js
FN:20,(anonymous_0)
FN:23,(anonymous_1)
FN:28,(anonymous_2)
FNF:3
FNH:3
FNDA:6,(anonymous_0)
FNDA:5,(anonymous_1)
FNDA:5,(anonymous_2)
DA:3,1
DA:4,1
DA:5,1
DA:6,1
DA:7,1
DA:8,1
DA:9,1
DA:12,1
DA:13,0
DA:15,1
DA:18,1
DA:21,6
DA:24,5
DA:25,5
DA:28,1
DA:29,5
DA:30,4
DA:34,1
DA:35,1
DA:37,1
LF:20
LH:19
BRDA:7,0,0,1
BRDA:7,0,1,0
BRDA:12,1,0,0
BRDA:12,1,1,1
BRDA:21,2,0,6
BRDA:21,2,1,6
BRDA:21,2,2,5
BRDA:29,3,0,4
BRDA:29,3,1,1
BRF:9
BRH:7
end_of_record
TN:
SF:api/database/models/picture.js
FN:4,(anonymous_0)
FN:29,(anonymous_1)
FNF:2
FNH:2
FNDA:1,(anonymous_0)
FNDA:1,(anonymous_1)
DA:4,1
DA:6,1
DA:7,1
DA:23,1
DA:28,1
DA:29,1
DA:30,1
DA:36,1
LF:8
LH:8
BRF:0
BRH:0
end_of_record
TN:
SF:api/database/models/product.js
FN:1,(anonymous_0)
FN:38,(anonymous_1)
FNF:2
FNH:2
FNDA:1,(anonymous_0)
FNDA:1,(anonymous_1)
DA:1,1
DA:2,1
DA:3,1
DA:30,1
DA:36,1
DA:38,1
DA:39,1
DA:58,1
LF:8
LH:8
BRF:0
BRH:0
end_of_record
TN:
SF:api/middleware/habilitarMod.js
FN:3,(anonymous_0)
FNF:1
FNH:1
FNDA:27,(anonymous_0)
DA:1,1
DA:3,1
DA:4,27
DA:5,27
DA:6,27
DA:7,27
DA:8,27
DA:9,27
DA:10,14
DA:11,13
DA:12,0
DA:13,13
DA:14,10
DA:16,3
DA:22,0
DA:23,0
DA:32,1
LF:17
LH:14
BRDA:9,0,0,14
BRDA:9,0,1,13
BRDA:11,1,0,0
BRDA:11,1,1,13
BRDA:11,2,0,13
BRDA:11,2,1,13
BRDA:11,2,2,0
BRDA:13,3,0,10
BRDA:13,3,1,3
BRDA:13,4,0,13
BRDA:13,4,1,0
BRDA:13,4,2,13
BRF:12
BRH:9
end_of_record
TN:
SF:api/middleware/habilitarVis.js
FN:3,(anonymous_0)
FNF:1
FNH:0
FNDA:0,(anonymous_0)
DA:1,1
DA:3,1
DA:4,0
DA:5,0
DA:6,0
DA:8,0
DA:10,0
DA:12,0
DA:16,0
DA:17,0
DA:25,1
LF:11
LH:3
BRDA:8,0,0,0
BRDA:8,0,1,0
BRDA:8,1,0,0
BRDA:8,1,1,0
BRDA:8,1,2,0
BRDA:8,1,3,0
BRDA:8,1,4,0
BRF:7
BRH:0
end_of_record
TN:
SF:api/middleware/handleEmail.js
FN:7,(anonymous_0)
FNF:1
FNH:0
FNDA:0,(anonymous_0)
DA:1,1
DA:2,1
DA:3,1
DA:4,1
DA:5,1
DA:7,1
DA:8,0
DA:9,0
DA:10,0
DA:11,0
DA:12,0
DA:14,0
LF:12
LH:6
BRDA:11,0,0,0
BRDA:11,0,1,0
BRF:2
BRH:0
end_of_record
TN:
SF:api/middleware/handleErrors.js
FN:3,(anonymous_0)
FNF:1
FNH:1
FNDA:22,(anonymous_0)
DA:1,1
DA:3,1
DA:5,22
DA:7,22
DA:8,9
DA:11,13
DA:15,1
LF:7
LH:7
BRDA:7,0,0,9
BRDA:7,0,1,13
BRF:2
BRH:2
end_of_record
TN:
SF:api/middleware/handleUsername.js
FN:7,(anonymous_0)
FNF:1
FNH:0
FNDA:0,(anonymous_0)
DA:1,1
DA:2,1
DA:3,1
DA:4,1
DA:5,1
DA:7,1
DA:8,0
DA:9,0
DA:10,0
DA:11,0
DA:16,0
LF:11
LH:6
BRDA:10,0,0,0
BRDA:10,0,1,0
BRF:2
BRH:0
end_of_record
TN:
SF:api/middleware/middlewareIDinBody.js
FN:2,middlewareIDinBody
FNF:1
FNH:1
FNDA:15,middlewareIDinBody
DA:3,15
DA:4,15
DA:5,9
DA:6,9
DA:8,15
DA:9,6
DA:10,6
DA:13,15
DA:14,15
DA:16,0
DA:22,1
LF:11
LH:10
BRDA:4,0,0,9
BRDA:4,0,1,6
BRDA:4,1,0,15
BRDA:4,1,1,9
BRDA:8,2,0,6
BRDA:8,2,1,9
BRDA:8,3,0,15
BRDA:8,3,1,6
BRDA:13,4,0,15
BRDA:13,4,1,0
BRF:10
BRH:9
end_of_record
TN:
SF:api/middleware/productExist.js
FN:3,(anonymous_0)
FNF:1
FNH:1
FNDA:19,(anonymous_0)
DA:1,1
DA:3,1
DA:4,19
DA:5,19
DA:6,15
DA:8,4
DA:9,4
DA:11,0
DA:16,19
DA:19,19
DA:20,8
DA:25,11
DA:28,1
LF:13
LH:12
BRDA:5,0,0,15
BRDA:5,0,1,4
BRDA:5,1,0,19
BRDA:5,1,1,15
BRDA:8,2,0,4
BRDA:8,2,1,0
BRDA:8,3,0,4
BRDA:8,3,1,4
BRDA:19,4,0,8
BRDA:19,4,1,11
BRF:10
BRH:9
end_of_record
TN:
SF:api/middleware/verifyToken.js
FN:4,(anonymous_0)
FN:11,(anonymous_1)
FNF:2
FNH:2
FNDA:50,(anonymous_0)
FNDA:48,(anonymous_1)
DA:1,1
DA:2,1
DA:4,1
DA:6,50
DA:8,50
DA:9,48
DA:10,48
DA:11,48
DA:12,48
DA:13,1
DA:17,47
DA:19,47
DA:20,47
DA:21,47
DA:28,2
DA:35,1
LF:16
LH:16
BRDA:8,0,0,48
BRDA:8,0,1,2
BRDA:12,1,0,1
BRDA:12,1,1,47
BRDA:17,2,0,47
BRDA:17,2,1,0
BRF:6
BRH:5
end_of_record
TN:
SF:api/routes/cartRoutes.js
FNF:0
FNH:0
DA:1,1
DA:2,1
DA:3,1
DA:4,1
DA:5,1
DA:6,1
DA:7,1
DA:8,1
DA:9,1
DA:11,1
DA:13,1
DA:15,1
DA:22,1
LF:13
LH:13
BRF:0
BRH:0
end_of_record
TN:
SF:api/routes/pictureRoutes.js
FNF:0
FNH:0
DA:1,1
DA:2,1
DA:3,1
DA:4,1
DA:5,1
DA:6,1
DA:7,1
DA:8,1
DA:9,1
DA:11,1
DA:12,1
DA:14,1
DA:16,1
DA:18,1
DA:23,1
DA:31,1
DA:33,1
DA:35,1
DA:37,1
LF:19
LH:19
BRF:0
BRH:0
end_of_record
TN:
SF:api/routes/productRoutes.js
FNF:0
FNH:0
DA:1,1
DA:3,1
DA:4,1
DA:5,1
DA:6,1
DA:7,1
DA:8,1
DA:9,1
DA:10,1
DA:11,1
DA:12,1
DA:19,1
DA:22,1
DA:24,1
DA:26,1
DA:31,1
DA:33,1
DA:35,1
DA:37,1
DA:44,1
DA:47,1
LF:21
LH:21
BRF:0
BRH:0
end_of_record
TN:
SF:api/routes/userRoutes.js
FNF:0
FNH:0
DA:1,1
DA:2,1
DA:3,1
DA:4,1
DA:5,1
DA:6,1
DA:7,1
DA:8,1
DA:9,1
DA:10,1
DA:16,1
DA:21,1
DA:23,1
DA:25,1
DA:26,1
DA:28,1
DA:29,1
DA:30,1
DA:31,1
DA:33,1
LF:20
LH:20
BRF:0
BRH:0
end_of_record
TN:
SF:helpers/generateJWT.js
FN:3,(anonymous_0)
FN:5,(anonymous_1)
FN:10,(anonymous_2)
FNF:3
FNH:3
FNDA:47,(anonymous_0)
FNDA:47,(anonymous_1)
FNDA:47,(anonymous_2)
DA:1,1
DA:3,1
DA:5,47
DA:7,47
DA:11,47
DA:12,0
DA:13,0
DA:16,47
DA:21,1
LF:9
LH:7
BRDA:11,0,0,0
BRDA:11,0,1,47
BRF:2
BRH:1
end_of_record
