TN:
SF:server.js
FN:28,(anonymous_0)
FN:36,(anonymous_1)
FN:41,(anonymous_2)
FN:46,(anonymous_3)
FN:51,(anonymous_4)
FN:58,(anonymous_5)
FNF:6
FNH:1
FNDA:0,(anonymous_0)
FNDA:0,(anonymous_1)
FNDA:0,(anonymous_2)
FNDA:0,(anonymous_3)
FNDA:0,(anonymous_4)
FNDA:1,(anonymous_5)
DA:1,1
DA:2,1
DA:3,1
DA:4,1
DA:5,1
DA:6,1
DA:7,1
DA:9,1
DA:13,1
DA:14,1
DA:15,1
DA:16,1
DA:19,1
DA:21,1
DA:24,1
DA:25,1
DA:27,1
DA:28,1
DA:29,1
DA:30,1
DA:31,1
DA:32,1
DA:34,1
DA:36,1
DA:41,1
DA:46,1
DA:51,1
DA:58,1
DA:59,1
DA:60,1
DA:61,1
DA:63,0
DA:66,1
LF:33
LH:32
BRF:0
BRH:0
end_of_record
TN:
SF:api/controllers/cartController.js
FN:8,(anonymous_0)
FN:13,(anonymous_1)
FN:18,(anonymous_2)
FN:37,(anonymous_3)
FN:67,(anonymous_4)
FN:84,(anonymous_5)
FN:101,(anonymous_6)
FN:134,(anonymous_7)
FN:161,(anonymous_8)
FNF:9
FNH:0
FNDA:0,(anonymous_0)
FNDA:0,(anonymous_1)
FNDA:0,(anonymous_2)
FNDA:0,(anonymous_3)
FNDA:0,(anonymous_4)
FNDA:0,(anonymous_5)
FNDA:0,(anonymous_6)
FNDA:0,(anonymous_7)
FNDA:0,(anonymous_8)
DA:2,1
DA:3,1
DA:4,1
DA:5,1
DA:6,1
DA:8,1
DA:9,0
DA:10,0
DA:13,1
DA:14,0
DA:15,0
DA:18,1
DA:19,0
DA:24,0
DA:25,0
DA:26,0
DA:27,0
DA:28,0
DA:34,0
DA:37,1
DA:38,0
DA:39,0
DA:40,0
DA:41,0
DA:42,0
DA:43,0
DA:44,0
DA:46,0
DA:52,0
DA:58,0
DA:59,0
DA:67,1
DA:68,0
DA:69,0
DA:71,0
DA:72,0
DA:73,0
DA:74,0
DA:75,0
DA:76,0
DA:78,0
DA:79,0
DA:84,1
DA:85,0
DA:86,0
DA:87,0
DA:88,0
DA:89,0
DA:94,0
DA:95,0
DA:96,0
DA:97,0
DA:98,0
DA:99,0
DA:101,0
DA:102,0
DA:103,0
DA:104,0
DA:105,0
DA:113,0
DA:114,0
DA:116,0
DA:118,0
DA:125,0
DA:133,0
DA:134,0
DA:135,0
DA:136,0
DA:137,0
DA:144,0
DA:145,0
DA:147,0
DA:153,0
DA:154,0
DA:161,1
DA:162,0
DA:163,0
DA:168,0
DA:169,0
DA:170,0
DA:176,0
DA:179,0
DA:180,0
DA:184,1
LF:84
LH:13
BRDA:41,0,0,0
BRDA:41,0,1,0
BRDA:43,1,0,0
BRDA:43,1,1,0
BRDA:68,2,0,0
BRDA:68,2,1,0
BRDA:72,3,0,0
BRDA:72,3,1,0
BRDA:74,4,0,0
BRDA:74,4,1,0
BRDA:88,5,0,0
BRDA:88,5,1,0
BRDA:102,6,0,0
BRDA:102,6,1,0
BRDA:104,7,0,0
BRDA:104,7,1,0
BRDA:114,8,0,0
BRDA:114,8,1,0
BRDA:135,9,0,0
BRDA:135,9,1,0
BRF:20
BRH:0
end_of_record
TN:
SF:api/controllers/picturesControllers.js
FN:7,(anonymous_0)
FN:39,(anonymous_1)
FN:70,(anonymous_2)
FN:94,(anonymous_3)
FN:139,(anonymous_4)
FNF:5
FNH:0
FNDA:0,(anonymous_0)
FNDA:0,(anonymous_1)
FNDA:0,(anonymous_2)
FNDA:0,(anonymous_3)
FNDA:0,(anonymous_4)
DA:2,1
DA:3,1
DA:5,1
DA:8,0
DA:9,0
DA:10,0
DA:11,0
DA:16,0
DA:17,0
DA:23,0
DA:31,0
DA:32,0
DA:41,0
DA:42,0
DA:43,0
DA:45,0
DA:50,0
DA:51,0
DA:57,0
DA:63,0
DA:67,0
DA:71,0
DA:73,0
DA:75,0
DA:76,0
DA:78,0
DA:80,0
DA:87,0
DA:88,0
DA:96,0
DA:97,0
DA:98,0
DA:99,0
DA:105,0
DA:107,0
DA:108,0
DA:109,0
DA:114,0
DA:115,0
DA:116,0
DA:117,0
DA:123,0
DA:126,0
DA:127,0
DA:135,0
DA:136,0
DA:140,0
DA:141,0
DA:142,0
DA:147,0
DA:149,0
DA:150,0
DA:151,0
DA:156,0
DA:157,0
DA:161,0
DA:164,0
DA:165,0
DA:170,1
LF:59
LH:4
BRDA:10,0,0,0
BRDA:10,0,1,0
BRDA:16,1,0,0
BRDA:16,1,1,0
BRDA:42,2,0,0
BRDA:42,2,1,0
BRDA:50,3,0,0
BRDA:50,3,1,0
BRDA:76,4,0,0
BRDA:76,4,1,0
BRDA:98,5,0,0
BRDA:98,5,1,0
BRDA:98,6,0,0
BRDA:98,6,1,0
BRDA:108,7,0,0
BRDA:108,7,1,0
BRDA:114,8,0,0
BRDA:114,8,1,0
BRDA:116,9,0,0
BRDA:116,9,1,0
BRDA:141,10,0,0
BRDA:141,10,1,0
BRDA:141,11,0,0
BRDA:141,11,1,0
BRDA:150,12,0,0
BRDA:150,12,1,0
BRDA:156,13,0,0
BRDA:156,13,1,0
BRF:28
BRH:0
end_of_record
TN:
SF:api/controllers/productController.js
FN:11,(anonymous_0)
FN:17,(anonymous_1)
FN:36,(anonymous_2)
FN:63,(anonymous_3)
FN:82,(anonymous_4)
FN:102,(anonymous_5)
FN:157,(anonymous_6)
FN:164,(anonymous_7)
FN:181,(anonymous_8)
FN:230,(anonymous_9)
FN:235,(anonymous_10)
FN:257,(anonymous_11)
FNF:12
FNH:0
FNDA:0,(anonymous_0)
FNDA:0,(anonymous_1)
FNDA:0,(anonymous_2)
FNDA:0,(anonymous_3)
FNDA:0,(anonymous_4)
FNDA:0,(anonymous_5)
FNDA:0,(anonymous_6)
FNDA:0,(anonymous_7)
FNDA:0,(anonymous_8)
FNDA:0,(anonymous_9)
FNDA:0,(anonymous_10)
FNDA:0,(anonymous_11)
DA:1,1
DA:3,1
DA:4,1
DA:5,1
DA:6,1
DA:7,1
DA:10,1
DA:12,0
DA:13,0
DA:14,0
DA:18,0
DA:25,0
DA:28,0
DA:29,0
DA:37,0
DA:38,0
DA:40,0
DA:42,0
DA:43,0
DA:48,0
DA:55,0
DA:56,0
DA:64,0
DA:65,0
DA:66,0
DA:67,0
DA:72,0
DA:73,0
DA:74,0
DA:83,0
DA:89,0
DA:94,0
DA:95,0
DA:103,0
DA:105,0
DA:106,0
DA:107,0
DA:108,0
DA:113,0
DA:115,0
DA:116,0
DA:117,0
DA:118,0
DA:119,0
DA:120,0
DA:121,0
DA:122,0
DA:123,0
DA:135,0
DA:142,0
DA:143,0
DA:144,0
DA:145,0
DA:146,0
DA:148,0
DA:150,0
DA:158,0
DA:159,0
DA:165,0
DA:173,0
DA:174,0
DA:182,0
DA:183,0
DA:184,0
DA:185,0
DA:186,0
DA:187,0
DA:188,0
DA:190,0
DA:191,0
DA:196,0
DA:202,0
DA:210,0
DA:216,0
DA:223,0
DA:231,0
DA:232,0
DA:233,0
DA:236,0
DA:237,0
DA:243,0
DA:250,0
DA:258,0
DA:259,0
DA:260,0
DA:262,0
DA:273,0
DA:279,0
DA:280,0
DA:289,1
LF:90
LH:8
BRDA:13,0,0,0
BRDA:13,0,1,0
BRDA:42,1,0,0
BRDA:42,1,1,0
BRDA:66,2,0,0
BRDA:66,2,1,0
BRDA:66,3,0,0
BRDA:66,3,1,0
BRDA:73,4,0,0
BRDA:73,4,1,0
BRDA:73,5,0,0
BRDA:73,5,1,0
BRDA:107,6,0,0
BRDA:107,6,1,0
BRDA:115,7,0,0
BRDA:115,7,1,0
BRDA:116,8,0,0
BRDA:116,8,1,0
BRDA:116,9,0,0
BRDA:116,9,1,0
BRDA:116,9,2,0
BRDA:116,9,3,0
BRDA:116,9,4,0
BRDA:116,9,5,0
BRDA:117,10,0,0
BRDA:117,10,1,0
BRDA:118,11,0,0
BRDA:118,11,1,0
BRDA:119,12,0,0
BRDA:119,12,1,0
BRDA:119,13,0,0
BRDA:119,13,1,0
BRDA:119,13,2,0
BRDA:120,14,0,0
BRDA:120,14,1,0
BRDA:121,15,0,0
BRDA:121,15,1,0
BRDA:122,16,0,0
BRDA:122,16,1,0
BRDA:143,17,0,0
BRDA:143,17,1,0
BRDA:145,18,0,0
BRDA:145,18,1,0
BRDA:184,19,0,0
BRDA:184,19,1,0
BRDA:186,20,0,0
BRDA:186,20,1,0
BRDA:190,21,0,0
BRDA:190,21,1,0
BRDA:236,22,0,0
BRDA:236,22,1,0
BRF:51
BRH:0
end_of_record
TN:
SF:api/controllers/userController.js
FN:8,(anonymous_0)
FN:56,(anonymous_1)
FN:80,(anonymous_2)
FN:115,(anonymous_3)
FN:151,(anonymous_4)
FN:190,(anonymous_5)
FNF:6
FNH:0
FNDA:0,(anonymous_0)
FNDA:0,(anonymous_1)
FNDA:0,(anonymous_2)
FNDA:0,(anonymous_3)
FNDA:0,(anonymous_4)
FNDA:0,(anonymous_5)
DA:1,1
DA:2,1
DA:3,1
DA:4,1
DA:5,1
DA:6,1
DA:8,1
DA:9,0
DA:10,0
DA:12,0
DA:13,0
DA:18,0
DA:25,0
DA:26,0
DA:27,0
DA:33,0
DA:35,0
DA:46,0
DA:56,1
DA:57,0
DA:58,0
DA:59,0
DA:60,0
DA:67,0
DA:73,0
DA:74,0
DA:80,1
DA:81,0
DA:82,0
DA:83,0
DA:84,0
DA:85,0
DA:93,0
DA:99,0
DA:106,0
DA:107,0
DA:115,1
DA:116,0
DA:117,0
DA:118,0
DA:119,0
DA:120,0
DA:121,0
DA:122,0
DA:131,0
DA:137,0
DA:143,0
DA:144,0
DA:151,1
DA:152,0
DA:153,0
DA:154,0
DA:155,0
DA:156,0
DA:157,0
DA:158,0
DA:159,0
DA:160,0
DA:161,0
DA:162,0
DA:163,0
DA:164,0
DA:170,0
DA:176,0
DA:182,0
DA:183,0
DA:190,1
DA:191,0
DA:192,0
DA:193,0
DA:194,0
DA:195,0
DA:196,0
DA:197,0
DA:203,0
DA:209,0
DA:215,0
DA:216,0
DA:224,1
LF:79
LH:13
BRDA:12,0,0,0
BRDA:12,0,1,0
BRDA:12,1,0,0
BRDA:12,1,1,0
BRDA:25,2,0,0
BRDA:25,2,1,0
BRDA:59,3,0,0
BRDA:59,3,1,0
BRDA:84,4,0,0
BRDA:84,4,1,0
BRDA:118,5,0,0
BRDA:118,5,1,0
BRDA:118,6,0,0
BRDA:118,6,1,0
BRDA:118,6,2,0
BRDA:118,6,3,0
BRDA:118,6,4,0
BRDA:121,7,0,0
BRDA:121,7,1,0
BRDA:128,8,0,0
BRDA:128,8,1,0
BRDA:155,9,0,0
BRDA:155,9,1,0
BRDA:155,10,0,0
BRDA:155,10,1,0
BRDA:155,10,2,0
BRDA:155,10,3,0
BRDA:155,10,4,0
BRDA:155,10,5,0
BRDA:156,11,0,0
BRDA:156,11,1,0
BRDA:157,12,0,0
BRDA:157,12,1,0
BRDA:158,13,0,0
BRDA:158,13,1,0
BRDA:159,14,0,0
BRDA:159,14,1,0
BRDA:160,15,0,0
BRDA:160,15,1,0
BRDA:161,16,0,0
BRDA:161,16,1,0
BRDA:163,17,0,0
BRDA:163,17,1,0
BRDA:193,18,0,0
BRDA:193,18,1,0
BRDA:196,19,0,0
BRDA:196,19,1,0
BRF:47
BRH:0
end_of_record
TN:
SF:api/database/config/config.js
FNF:0
FNH:0
DA:1,1
DA:3,1
DA:28,1
LF:3
LH:3
BRDA:5,0,0,1
BRDA:5,0,1,0
BRDA:6,1,0,1
BRDA:6,1,1,1
BRDA:7,2,0,1
BRDA:7,2,1,0
BRDA:8,3,0,1
BRDA:8,3,1,0
BRDA:9,4,0,1
BRDA:9,4,1,0
BRDA:13,5,0,1
BRDA:13,5,1,0
BRDA:14,6,0,1
BRDA:14,6,1,1
BRDA:15,7,0,1
BRDA:15,7,1,0
BRDA:16,8,0,1
BRDA:16,8,1,0
BRDA:17,9,0,1
BRDA:17,9,1,0
BRF:20
BRH:12
end_of_record
TN:
SF:api/database/models/Cart.js
FN:1,(anonymous_0)
FNF:1
FNH:1
FNDA:1,(anonymous_0)
DA:1,1
DA:2,1
DA:3,1
DA:21,1
DA:26,1
DA:28,1
LF:6
LH:6
BRF:0
BRH:0
end_of_record
TN:
SF:api/database/models/Categoria.js
FN:1,(anonymous_0)
FN:20,(anonymous_1)
FNF:2
FNH:2
FNDA:1,(anonymous_0)
FNDA:1,(anonymous_1)
DA:1,1
DA:2,1
DA:3,1
DA:15,1
DA:19,1
DA:20,1
DA:21,1
DA:26,1
LF:8
LH:8
BRF:0
BRH:0
end_of_record
TN:
SF:api/database/models/Usuario.js
FN:3,(anonymous_0)
FN:50,(anonymous_1)
FNF:2
FNH:2
FNDA:1,(anonymous_0)
FNDA:1,(anonymous_1)
DA:1,1
DA:3,1
DA:4,1
DA:5,1
DA:44,1
DA:48,1
DA:50,1
DA:51,1
DA:59,1
LF:9
LH:9
BRF:0
BRH:0
end_of_record
TN:
SF:api/database/models/index.js
FN:20,(anonymous_0)
FN:23,(anonymous_1)
FN:28,(anonymous_2)
FNF:3
FNH:3
FNDA:6,(anonymous_0)
FNDA:5,(anonymous_1)
FNDA:5,(anonymous_2)
DA:3,1
DA:4,1
DA:5,1
DA:6,1
DA:7,1
DA:8,1
DA:9,1
DA:12,1
DA:13,0
DA:15,1
DA:18,1
DA:21,6
DA:24,5
DA:25,5
DA:28,1
DA:29,5
DA:30,4
DA:34,1
DA:35,1
DA:37,1
LF:20
LH:19
BRDA:7,0,0,1
BRDA:7,0,1,0
BRDA:12,1,0,0
BRDA:12,1,1,1
BRDA:21,2,0,6
BRDA:21,2,1,6
BRDA:21,2,2,5
BRDA:29,3,0,4
BRDA:29,3,1,1
BRF:9
BRH:7
end_of_record
TN:
SF:api/database/models/picture.js
FN:4,(anonymous_0)
FN:29,(anonymous_1)
FNF:2
FNH:2
FNDA:1,(anonymous_0)
FNDA:1,(anonymous_1)
DA:4,1
DA:6,1
DA:7,1
DA:23,1
DA:28,1
DA:29,1
DA:30,1
DA:36,1
LF:8
LH:8
BRF:0
BRH:0
end_of_record
TN:
SF:api/database/models/product.js
FN:1,(anonymous_0)
FN:38,(anonymous_1)
FNF:2
FNH:2
FNDA:1,(anonymous_0)
FNDA:1,(anonymous_1)
DA:1,1
DA:2,1
DA:3,1
DA:30,1
DA:36,1
DA:38,1
DA:39,1
DA:58,1
LF:8
LH:8
BRF:0
BRH:0
end_of_record
TN:
SF:api/middleware/habilitarMod.js
FN:3,(anonymous_0)
FNF:1
FNH:0
FNDA:0,(anonymous_0)
DA:1,1
DA:3,1
DA:4,0
DA:5,0
DA:6,0
DA:7,0
DA:8,0
DA:9,0
DA:10,0
DA:11,0
DA:12,0
DA:13,0
DA:14,0
DA:16,0
DA:22,0
DA:23,0
DA:32,1
LF:17
LH:3
BRDA:9,0,0,0
BRDA:9,0,1,0
BRDA:11,1,0,0
BRDA:11,1,1,0
BRDA:11,2,0,0
BRDA:11,2,1,0
BRDA:11,2,2,0
BRDA:13,3,0,0
BRDA:13,3,1,0
BRDA:13,4,0,0
BRDA:13,4,1,0
BRDA:13,4,2,0
BRF:12
BRH:0
end_of_record
TN:
SF:api/middleware/habilitarVis.js
FN:3,(anonymous_0)
FNF:1
FNH:0
FNDA:0,(anonymous_0)
DA:1,1
DA:3,1
DA:4,0
DA:5,0
DA:6,0
DA:8,0
DA:10,0
DA:12,0
DA:16,0
DA:17,0
DA:25,1
LF:11
LH:3
BRDA:8,0,0,0
BRDA:8,0,1,0
BRDA:8,1,0,0
BRDA:8,1,1,0
BRDA:8,1,2,0
BRDA:8,1,3,0
BRDA:8,1,4,0
BRF:7
BRH:0
end_of_record
TN:
SF:api/middleware/handleEmail.js
FN:7,(anonymous_0)
FNF:1
FNH:0
FNDA:0,(anonymous_0)
DA:1,1
DA:2,1
DA:3,1
DA:4,1
DA:5,1
DA:7,1
DA:8,0
DA:9,0
DA:10,0
DA:11,0
DA:12,0
DA:14,0
LF:12
LH:6
BRDA:11,0,0,0
BRDA:11,0,1,0
BRF:2
BRH:0
end_of_record
TN:
SF:api/middleware/handleErrors.js
FN:3,(anonymous_0)
FNF:1
FNH:0
FNDA:0,(anonymous_0)
DA:1,1
DA:3,1
DA:5,0
DA:7,0
DA:8,0
DA:11,0
DA:15,1
LF:7
LH:3
BRDA:7,0,0,0
BRDA:7,0,1,0
BRF:2
BRH:0
end_of_record
TN:
SF:api/middleware/handleUsername.js
FN:7,(anonymous_0)
FNF:1
FNH:0
FNDA:0,(anonymous_0)
DA:1,1
DA:2,1
DA:3,1
DA:4,1
DA:5,1
DA:7,1
DA:8,0
DA:9,0
DA:10,0
DA:11,0
DA:16,0
LF:11
LH:6
BRDA:10,0,0,0
BRDA:10,0,1,0
BRF:2
BRH:0
end_of_record
TN:
SF:api/middleware/middlewareIDinBody.js
FN:2,middlewareIDinBody
FNF:1
FNH:0
FNDA:0,middlewareIDinBody
DA:3,0
DA:4,0
DA:5,0
DA:6,0
DA:8,0
DA:9,0
DA:10,0
DA:13,0
DA:14,0
DA:16,0
DA:22,1
LF:11
LH:1
BRDA:4,0,0,0
BRDA:4,0,1,0
BRDA:4,1,0,0
BRDA:4,1,1,0
BRDA:8,2,0,0
BRDA:8,2,1,0
BRDA:8,3,0,0
BRDA:8,3,1,0
BRDA:13,4,0,0
BRDA:13,4,1,0
BRF:10
BRH:0
end_of_record
TN:
SF:api/middleware/productExist.js
FN:3,(anonymous_0)
FNF:1
FNH:0
FNDA:0,(anonymous_0)
DA:1,1
DA:3,1
DA:4,0
DA:5,0
DA:6,0
DA:8,0
DA:9,0
DA:11,0
DA:16,0
DA:19,0
DA:20,0
DA:25,0
DA:28,1
LF:13
LH:3
BRDA:5,0,0,0
BRDA:5,0,1,0
BRDA:5,1,0,0
BRDA:5,1,1,0
BRDA:8,2,0,0
BRDA:8,2,1,0
BRDA:8,3,0,0
BRDA:8,3,1,0
BRDA:19,4,0,0
BRDA:19,4,1,0
BRF:10
BRH:0
end_of_record
TN:
SF:api/middleware/verifyToken.js
FN:4,(anonymous_0)
FN:11,(anonymous_1)
FNF:2
FNH:0
FNDA:0,(anonymous_0)
FNDA:0,(anonymous_1)
DA:1,1
DA:2,1
DA:4,1
DA:6,0
DA:8,0
DA:9,0
DA:10,0
DA:11,0
DA:12,0
DA:13,0
DA:17,0
DA:19,0
DA:20,0
DA:21,0
DA:28,0
DA:35,1
LF:16
LH:4
BRDA:8,0,0,0
BRDA:8,0,1,0
BRDA:12,1,0,0
BRDA:12,1,1,0
BRDA:17,2,0,0
BRDA:17,2,1,0
BRF:6
BRH:0
end_of_record
TN:
SF:api/routes/cartRoutes.js
FNF:0
FNH:0
DA:1,1
DA:2,1
DA:3,1
DA:4,1
DA:5,1
DA:6,1
DA:7,1
DA:8,1
DA:9,1
DA:11,1
DA:13,1
DA:15,1
DA:22,1
LF:13
LH:13
BRF:0
BRH:0
end_of_record
TN:
SF:api/routes/pictureRoutes.js
FNF:0
FNH:0
DA:1,1
DA:2,1
DA:3,1
DA:4,1
DA:5,1
DA:6,1
DA:7,1
DA:8,1
DA:9,1
DA:11,1
DA:12,1
DA:14,1
DA:16,1
DA:18,1
DA:23,1
DA:31,1
DA:33,1
DA:35,1
DA:37,1
LF:19
LH:19
BRF:0
BRH:0
end_of_record
TN:
SF:api/routes/productRoutes.js
FNF:0
FNH:0
DA:1,1
DA:3,1
DA:4,1
DA:5,1
DA:6,1
DA:7,1
DA:8,1
DA:9,1
DA:10,1
DA:11,1
DA:12,1
DA:19,1
DA:22,1
DA:24,1
DA:26,1
DA:31,1
DA:33,1
DA:35,1
DA:37,1
DA:44,1
DA:47,1
LF:21
LH:21
BRF:0
BRH:0
end_of_record
TN:
SF:api/routes/userRoutes.js
FNF:0
FNH:0
DA:1,1
DA:2,1
DA:3,1
DA:4,1
DA:5,1
DA:6,1
DA:7,1
DA:8,1
DA:9,1
DA:10,1
DA:16,1
DA:21,1
DA:23,1
DA:25,1
DA:26,1
DA:28,1
DA:29,1
DA:30,1
DA:31,1
DA:33,1
LF:20
LH:20
BRF:0
BRH:0
end_of_record
TN:
SF:helpers/generateJWT.js
FN:3,(anonymous_0)
FN:5,(anonymous_1)
FN:10,(anonymous_2)
FNF:3
FNH:0
FNDA:0,(anonymous_0)
FNDA:0,(anonymous_1)
FNDA:0,(anonymous_2)
DA:1,1
DA:3,1
DA:5,0
DA:7,0
DA:11,0
DA:12,0
DA:13,0
DA:16,0
DA:21,1
LF:9
LH:3
BRDA:11,0,0,0
BRDA:11,0,1,0
BRF:2
BRH:0
end_of_record
